
*** Running vivado
    with args -log lab3_2.vds -m64 -product Vivado -mode batch -messageDb vivado.pb -notrace -source lab3_2.tcl


****** Vivado v2020.2 (64-bit)
  **** SW Build 3064766 on Wed Nov 18 09:12:47 MST 2020
  **** IP Build 3064653 on Wed Nov 18 14:17:31 MST 2020
    ** Copyright 1986-2020 Xilinx, Inc. All Rights Reserved.

source lab3_2.tcl -notrace
Command: synth_design -top lab3_2 -part xc7a35tcpg236-1
Starting synth_design
Attempting to get a license for feature 'Synthesis' and/or device 'xc7a35t'
INFO: [Common 17-349] Got license for feature 'Synthesis' and/or device 'xc7a35t'
INFO: [Device 21-403] Loading part xc7a35tcpg236-1
INFO: [Synth 8-7079] Multithreading enabled for synth_design using a maximum of 4 processes.
INFO: [Synth 8-7078] Launching helper process for spawning children vivado processes
INFO: [Synth 8-7075] Helper process launched with PID 1124716
---------------------------------------------------------------------------------
Starting RTL Elaboration : Time (s): cpu = 00:00:02 ; elapsed = 00:00:03 . Memory (MB): peak = 2318.016 ; gain = 0.000 ; free physical = 2790 ; free virtual = 29963
---------------------------------------------------------------------------------
INFO: [Synth 8-6157] synthesizing module 'lab3_2' [/home/yi/Workspace/Vivado/lab3/lab3_2/lab3_2.srcs/sources_1/new/lab3_2.v:16]
	Parameter S_Flashing bound to: 2'b00 
	Parameter S_Shifting bound to: 2'b01 
	Parameter S_Expanding bound to: 2'b10 
	Parameter S_Invalid bound to: 2'b11 
INFO: [Synth 8-6157] synthesizing module 'clock_divider' [/home/yi/Workspace/Vivado/lab3/lab3_2/lab3_2.srcs/sources_1/new/lab3_2.v:3]
	Parameter n bound to: 25 - type: integer 
INFO: [Synth 8-6155] done synthesizing module 'clock_divider' (1#1) [/home/yi/Workspace/Vivado/lab3/lab3_2/lab3_2.srcs/sources_1/new/lab3_2.v:3]
WARNING: [Synth 8-324] index 16 out of range [/home/yi/Workspace/Vivado/lab3/lab3_2/lab3_2.srcs/sources_1/new/lab3_2.v:64]
WARNING: [Synth 8-324] index 17 out of range [/home/yi/Workspace/Vivado/lab3/lab3_2/lab3_2.srcs/sources_1/new/lab3_2.v:64]
WARNING: [Synth 8-324] index 18 out of range [/home/yi/Workspace/Vivado/lab3/lab3_2/lab3_2.srcs/sources_1/new/lab3_2.v:64]
WARNING: [Synth 8-324] index 19 out of range [/home/yi/Workspace/Vivado/lab3/lab3_2/lab3_2.srcs/sources_1/new/lab3_2.v:64]
WARNING: [Synth 8-324] index 20 out of range [/home/yi/Workspace/Vivado/lab3/lab3_2/lab3_2.srcs/sources_1/new/lab3_2.v:64]
WARNING: [Synth 8-324] index 21 out of range [/home/yi/Workspace/Vivado/lab3/lab3_2/lab3_2.srcs/sources_1/new/lab3_2.v:64]
WARNING: [Synth 8-324] index 22 out of range [/home/yi/Workspace/Vivado/lab3/lab3_2/lab3_2.srcs/sources_1/new/lab3_2.v:64]
WARNING: [Synth 8-324] index 23 out of range [/home/yi/Workspace/Vivado/lab3/lab3_2/lab3_2.srcs/sources_1/new/lab3_2.v:64]
WARNING: [Synth 8-324] index 24 out of range [/home/yi/Workspace/Vivado/lab3/lab3_2/lab3_2.srcs/sources_1/new/lab3_2.v:64]
WARNING: [Synth 8-324] index 25 out of range [/home/yi/Workspace/Vivado/lab3/lab3_2/lab3_2.srcs/sources_1/new/lab3_2.v:64]
WARNING: [Synth 8-324] index 26 out of range [/home/yi/Workspace/Vivado/lab3/lab3_2/lab3_2.srcs/sources_1/new/lab3_2.v:64]
WARNING: [Synth 8-324] index 27 out of range [/home/yi/Workspace/Vivado/lab3/lab3_2/lab3_2.srcs/sources_1/new/lab3_2.v:64]
WARNING: [Synth 8-324] index 28 out of range [/home/yi/Workspace/Vivado/lab3/lab3_2/lab3_2.srcs/sources_1/new/lab3_2.v:64]
WARNING: [Synth 8-324] index 29 out of range [/home/yi/Workspace/Vivado/lab3/lab3_2/lab3_2.srcs/sources_1/new/lab3_2.v:64]
WARNING: [Synth 8-324] index 30 out of range [/home/yi/Workspace/Vivado/lab3/lab3_2/lab3_2.srcs/sources_1/new/lab3_2.v:64]
WARNING: [Synth 8-324] index 31 out of range [/home/yi/Workspace/Vivado/lab3/lab3_2/lab3_2.srcs/sources_1/new/lab3_2.v:64]
WARNING: [Synth 8-324] index 32 out of range [/home/yi/Workspace/Vivado/lab3/lab3_2/lab3_2.srcs/sources_1/new/lab3_2.v:64]
WARNING: [Synth 8-324] index 33 out of range [/home/yi/Workspace/Vivado/lab3/lab3_2/lab3_2.srcs/sources_1/new/lab3_2.v:64]
WARNING: [Synth 8-324] index 34 out of range [/home/yi/Workspace/Vivado/lab3/lab3_2/lab3_2.srcs/sources_1/new/lab3_2.v:64]
WARNING: [Synth 8-324] index 35 out of range [/home/yi/Workspace/Vivado/lab3/lab3_2/lab3_2.srcs/sources_1/new/lab3_2.v:64]
WARNING: [Synth 8-324] index 36 out of range [/home/yi/Workspace/Vivado/lab3/lab3_2/lab3_2.srcs/sources_1/new/lab3_2.v:64]
WARNING: [Synth 8-324] index 37 out of range [/home/yi/Workspace/Vivado/lab3/lab3_2/lab3_2.srcs/sources_1/new/lab3_2.v:64]
WARNING: [Synth 8-324] index 38 out of range [/home/yi/Workspace/Vivado/lab3/lab3_2/lab3_2.srcs/sources_1/new/lab3_2.v:64]
WARNING: [Synth 8-324] index 39 out of range [/home/yi/Workspace/Vivado/lab3/lab3_2/lab3_2.srcs/sources_1/new/lab3_2.v:64]
WARNING: [Synth 8-324] index 40 out of range [/home/yi/Workspace/Vivado/lab3/lab3_2/lab3_2.srcs/sources_1/new/lab3_2.v:64]
WARNING: [Synth 8-324] index 41 out of range [/home/yi/Workspace/Vivado/lab3/lab3_2/lab3_2.srcs/sources_1/new/lab3_2.v:64]
WARNING: [Synth 8-324] index 42 out of range [/home/yi/Workspace/Vivado/lab3/lab3_2/lab3_2.srcs/sources_1/new/lab3_2.v:64]
WARNING: [Synth 8-324] index 43 out of range [/home/yi/Workspace/Vivado/lab3/lab3_2/lab3_2.srcs/sources_1/new/lab3_2.v:64]
WARNING: [Synth 8-324] index 44 out of range [/home/yi/Workspace/Vivado/lab3/lab3_2/lab3_2.srcs/sources_1/new/lab3_2.v:64]
WARNING: [Synth 8-324] index 45 out of range [/home/yi/Workspace/Vivado/lab3/lab3_2/lab3_2.srcs/sources_1/new/lab3_2.v:64]
WARNING: [Synth 8-324] index 46 out of range [/home/yi/Workspace/Vivado/lab3/lab3_2/lab3_2.srcs/sources_1/new/lab3_2.v:64]
WARNING: [Synth 8-324] index 47 out of range [/home/yi/Workspace/Vivado/lab3/lab3_2/lab3_2.srcs/sources_1/new/lab3_2.v:64]
WARNING: [Synth 8-324] index 48 out of range [/home/yi/Workspace/Vivado/lab3/lab3_2/lab3_2.srcs/sources_1/new/lab3_2.v:64]
WARNING: [Synth 8-324] index 49 out of range [/home/yi/Workspace/Vivado/lab3/lab3_2/lab3_2.srcs/sources_1/new/lab3_2.v:64]
WARNING: [Synth 8-324] index 50 out of range [/home/yi/Workspace/Vivado/lab3/lab3_2/lab3_2.srcs/sources_1/new/lab3_2.v:64]
WARNING: [Synth 8-324] index 51 out of range [/home/yi/Workspace/Vivado/lab3/lab3_2/lab3_2.srcs/sources_1/new/lab3_2.v:64]
WARNING: [Synth 8-324] index 52 out of range [/home/yi/Workspace/Vivado/lab3/lab3_2/lab3_2.srcs/sources_1/new/lab3_2.v:64]
WARNING: [Synth 8-324] index 53 out of range [/home/yi/Workspace/Vivado/lab3/lab3_2/lab3_2.srcs/sources_1/new/lab3_2.v:64]
WARNING: [Synth 8-324] index 54 out of range [/home/yi/Workspace/Vivado/lab3/lab3_2/lab3_2.srcs/sources_1/new/lab3_2.v:64]
WARNING: [Synth 8-324] index 55 out of range [/home/yi/Workspace/Vivado/lab3/lab3_2/lab3_2.srcs/sources_1/new/lab3_2.v:64]
WARNING: [Synth 8-324] index 56 out of range [/home/yi/Workspace/Vivado/lab3/lab3_2/lab3_2.srcs/sources_1/new/lab3_2.v:64]
WARNING: [Synth 8-324] index 57 out of range [/home/yi/Workspace/Vivado/lab3/lab3_2/lab3_2.srcs/sources_1/new/lab3_2.v:64]
WARNING: [Synth 8-324] index 58 out of range [/home/yi/Workspace/Vivado/lab3/lab3_2/lab3_2.srcs/sources_1/new/lab3_2.v:64]
WARNING: [Synth 8-324] index 59 out of range [/home/yi/Workspace/Vivado/lab3/lab3_2/lab3_2.srcs/sources_1/new/lab3_2.v:64]
WARNING: [Synth 8-324] index 60 out of range [/home/yi/Workspace/Vivado/lab3/lab3_2/lab3_2.srcs/sources_1/new/lab3_2.v:64]
WARNING: [Synth 8-324] index 61 out of range [/home/yi/Workspace/Vivado/lab3/lab3_2/lab3_2.srcs/sources_1/new/lab3_2.v:64]
WARNING: [Synth 8-324] index 62 out of range [/home/yi/Workspace/Vivado/lab3/lab3_2/lab3_2.srcs/sources_1/new/lab3_2.v:64]
WARNING: [Synth 8-324] index 63 out of range [/home/yi/Workspace/Vivado/lab3/lab3_2/lab3_2.srcs/sources_1/new/lab3_2.v:64]
WARNING: [Synth 8-324] index 64 out of range [/home/yi/Workspace/Vivado/lab3/lab3_2/lab3_2.srcs/sources_1/new/lab3_2.v:64]
WARNING: [Synth 8-324] index 65 out of range [/home/yi/Workspace/Vivado/lab3/lab3_2/lab3_2.srcs/sources_1/new/lab3_2.v:64]
WARNING: [Synth 8-324] index 66 out of range [/home/yi/Workspace/Vivado/lab3/lab3_2/lab3_2.srcs/sources_1/new/lab3_2.v:64]
WARNING: [Synth 8-324] index 67 out of range [/home/yi/Workspace/Vivado/lab3/lab3_2/lab3_2.srcs/sources_1/new/lab3_2.v:64]
WARNING: [Synth 8-324] index 68 out of range [/home/yi/Workspace/Vivado/lab3/lab3_2/lab3_2.srcs/sources_1/new/lab3_2.v:64]
WARNING: [Synth 8-324] index 69 out of range [/home/yi/Workspace/Vivado/lab3/lab3_2/lab3_2.srcs/sources_1/new/lab3_2.v:64]
WARNING: [Synth 8-324] index 70 out of range [/home/yi/Workspace/Vivado/lab3/lab3_2/lab3_2.srcs/sources_1/new/lab3_2.v:64]
WARNING: [Synth 8-324] index 71 out of range [/home/yi/Workspace/Vivado/lab3/lab3_2/lab3_2.srcs/sources_1/new/lab3_2.v:64]
WARNING: [Synth 8-324] index 72 out of range [/home/yi/Workspace/Vivado/lab3/lab3_2/lab3_2.srcs/sources_1/new/lab3_2.v:64]
WARNING: [Synth 8-324] index 73 out of range [/home/yi/Workspace/Vivado/lab3/lab3_2/lab3_2.srcs/sources_1/new/lab3_2.v:64]
WARNING: [Synth 8-324] index 74 out of range [/home/yi/Workspace/Vivado/lab3/lab3_2/lab3_2.srcs/sources_1/new/lab3_2.v:64]
WARNING: [Synth 8-324] index 75 out of range [/home/yi/Workspace/Vivado/lab3/lab3_2/lab3_2.srcs/sources_1/new/lab3_2.v:64]
WARNING: [Synth 8-324] index 76 out of range [/home/yi/Workspace/Vivado/lab3/lab3_2/lab3_2.srcs/sources_1/new/lab3_2.v:64]
WARNING: [Synth 8-324] index 77 out of range [/home/yi/Workspace/Vivado/lab3/lab3_2/lab3_2.srcs/sources_1/new/lab3_2.v:64]
WARNING: [Synth 8-324] index 78 out of range [/home/yi/Workspace/Vivado/lab3/lab3_2/lab3_2.srcs/sources_1/new/lab3_2.v:64]
WARNING: [Synth 8-324] index 79 out of range [/home/yi/Workspace/Vivado/lab3/lab3_2/lab3_2.srcs/sources_1/new/lab3_2.v:64]
WARNING: [Synth 8-324] index 80 out of range [/home/yi/Workspace/Vivado/lab3/lab3_2/lab3_2.srcs/sources_1/new/lab3_2.v:64]
WARNING: [Synth 8-324] index 81 out of range [/home/yi/Workspace/Vivado/lab3/lab3_2/lab3_2.srcs/sources_1/new/lab3_2.v:64]
WARNING: [Synth 8-324] index 82 out of range [/home/yi/Workspace/Vivado/lab3/lab3_2/lab3_2.srcs/sources_1/new/lab3_2.v:64]
WARNING: [Synth 8-324] index 83 out of range [/home/yi/Workspace/Vivado/lab3/lab3_2/lab3_2.srcs/sources_1/new/lab3_2.v:64]
WARNING: [Synth 8-324] index 84 out of range [/home/yi/Workspace/Vivado/lab3/lab3_2/lab3_2.srcs/sources_1/new/lab3_2.v:64]
WARNING: [Synth 8-324] index 85 out of range [/home/yi/Workspace/Vivado/lab3/lab3_2/lab3_2.srcs/sources_1/new/lab3_2.v:64]
WARNING: [Synth 8-324] index 86 out of range [/home/yi/Workspace/Vivado/lab3/lab3_2/lab3_2.srcs/sources_1/new/lab3_2.v:64]
WARNING: [Synth 8-324] index 87 out of range [/home/yi/Workspace/Vivado/lab3/lab3_2/lab3_2.srcs/sources_1/new/lab3_2.v:64]
WARNING: [Synth 8-324] index 88 out of range [/home/yi/Workspace/Vivado/lab3/lab3_2/lab3_2.srcs/sources_1/new/lab3_2.v:64]
WARNING: [Synth 8-324] index 89 out of range [/home/yi/Workspace/Vivado/lab3/lab3_2/lab3_2.srcs/sources_1/new/lab3_2.v:64]
WARNING: [Synth 8-324] index 90 out of range [/home/yi/Workspace/Vivado/lab3/lab3_2/lab3_2.srcs/sources_1/new/lab3_2.v:64]
WARNING: [Synth 8-324] index 91 out of range [/home/yi/Workspace/Vivado/lab3/lab3_2/lab3_2.srcs/sources_1/new/lab3_2.v:64]
WARNING: [Synth 8-324] index 92 out of range [/home/yi/Workspace/Vivado/lab3/lab3_2/lab3_2.srcs/sources_1/new/lab3_2.v:64]
WARNING: [Synth 8-324] index 93 out of range [/home/yi/Workspace/Vivado/lab3/lab3_2/lab3_2.srcs/sources_1/new/lab3_2.v:64]
WARNING: [Synth 8-324] index 94 out of range [/home/yi/Workspace/Vivado/lab3/lab3_2/lab3_2.srcs/sources_1/new/lab3_2.v:64]
WARNING: [Synth 8-324] index 95 out of range [/home/yi/Workspace/Vivado/lab3/lab3_2/lab3_2.srcs/sources_1/new/lab3_2.v:64]
WARNING: [Synth 8-324] index 96 out of range [/home/yi/Workspace/Vivado/lab3/lab3_2/lab3_2.srcs/sources_1/new/lab3_2.v:64]
WARNING: [Synth 8-324] index 97 out of range [/home/yi/Workspace/Vivado/lab3/lab3_2/lab3_2.srcs/sources_1/new/lab3_2.v:64]
WARNING: [Synth 8-324] index 98 out of range [/home/yi/Workspace/Vivado/lab3/lab3_2/lab3_2.srcs/sources_1/new/lab3_2.v:64]
WARNING: [Synth 8-324] index 99 out of range [/home/yi/Workspace/Vivado/lab3/lab3_2/lab3_2.srcs/sources_1/new/lab3_2.v:64]
WARNING: [Synth 8-324] index 100 out of range [/home/yi/Workspace/Vivado/lab3/lab3_2/lab3_2.srcs/sources_1/new/lab3_2.v:64]
WARNING: [Synth 8-324] index 101 out of range [/home/yi/Workspace/Vivado/lab3/lab3_2/lab3_2.srcs/sources_1/new/lab3_2.v:64]
WARNING: [Synth 8-324] index 102 out of range [/home/yi/Workspace/Vivado/lab3/lab3_2/lab3_2.srcs/sources_1/new/lab3_2.v:64]
WARNING: [Synth 8-324] index 103 out of range [/home/yi/Workspace/Vivado/lab3/lab3_2/lab3_2.srcs/sources_1/new/lab3_2.v:64]
WARNING: [Synth 8-324] index 104 out of range [/home/yi/Workspace/Vivado/lab3/lab3_2/lab3_2.srcs/sources_1/new/lab3_2.v:64]
WARNING: [Synth 8-324] index 105 out of range [/home/yi/Workspace/Vivado/lab3/lab3_2/lab3_2.srcs/sources_1/new/lab3_2.v:64]
WARNING: [Synth 8-324] index 106 out of range [/home/yi/Workspace/Vivado/lab3/lab3_2/lab3_2.srcs/sources_1/new/lab3_2.v:64]
WARNING: [Synth 8-324] index 107 out of range [/home/yi/Workspace/Vivado/lab3/lab3_2/lab3_2.srcs/sources_1/new/lab3_2.v:64]
WARNING: [Synth 8-324] index 108 out of range [/home/yi/Workspace/Vivado/lab3/lab3_2/lab3_2.srcs/sources_1/new/lab3_2.v:64]
WARNING: [Synth 8-324] index 109 out of range [/home/yi/Workspace/Vivado/lab3/lab3_2/lab3_2.srcs/sources_1/new/lab3_2.v:64]
WARNING: [Synth 8-324] index 110 out of range [/home/yi/Workspace/Vivado/lab3/lab3_2/lab3_2.srcs/sources_1/new/lab3_2.v:64]
WARNING: [Synth 8-324] index 111 out of range [/home/yi/Workspace/Vivado/lab3/lab3_2/lab3_2.srcs/sources_1/new/lab3_2.v:64]
WARNING: [Synth 8-324] index 112 out of range [/home/yi/Workspace/Vivado/lab3/lab3_2/lab3_2.srcs/sources_1/new/lab3_2.v:64]
WARNING: [Synth 8-324] index 113 out of range [/home/yi/Workspace/Vivado/lab3/lab3_2/lab3_2.srcs/sources_1/new/lab3_2.v:64]
WARNING: [Synth 8-324] index 114 out of range [/home/yi/Workspace/Vivado/lab3/lab3_2/lab3_2.srcs/sources_1/new/lab3_2.v:64]
WARNING: [Synth 8-324] index 115 out of range [/home/yi/Workspace/Vivado/lab3/lab3_2/lab3_2.srcs/sources_1/new/lab3_2.v:64]
INFO: [Common 17-14] Message 'Synth 8-324' appears 100 times and further instances of the messages will be disabled. Use the Tcl command set_msg_config to change the current settings.
INFO: [Synth 8-6155] done synthesizing module 'lab3_2' (2#1) [/home/yi/Workspace/Vivado/lab3/lab3_2/lab3_2.srcs/sources_1/new/lab3_2.v:16]
---------------------------------------------------------------------------------
Finished RTL Elaboration : Time (s): cpu = 00:00:03 ; elapsed = 00:00:04 . Memory (MB): peak = 2318.016 ; gain = 0.000 ; free physical = 2777 ; free virtual = 29952
---------------------------------------------------------------------------------
---------------------------------------------------------------------------------
Start Handling Custom Attributes
---------------------------------------------------------------------------------
---------------------------------------------------------------------------------
Finished Handling Custom Attributes : Time (s): cpu = 00:00:03 ; elapsed = 00:00:04 . Memory (MB): peak = 2318.016 ; gain = 0.000 ; free physical = 3467 ; free virtual = 30642
---------------------------------------------------------------------------------
---------------------------------------------------------------------------------
Finished RTL Optimization Phase 1 : Time (s): cpu = 00:00:03 ; elapsed = 00:00:04 . Memory (MB): peak = 2318.016 ; gain = 0.000 ; free physical = 3467 ; free virtual = 30642
---------------------------------------------------------------------------------
Netlist sorting complete. Time (s): cpu = 00:00:00.01 ; elapsed = 00:00:00 . Memory (MB): peak = 2318.016 ; gain = 0.000 ; free physical = 3463 ; free virtual = 30637
INFO: [Project 1-570] Preparing netlist for logic optimization

Processing XDC Constraints
Initializing timing engine
Parsing XDC File [/home/yi/Workspace/Vivado/lab3/lab3_2/lab3_2.srcs/constrs_1/new/lab3_2.xdc]
Finished Parsing XDC File [/home/yi/Workspace/Vivado/lab3/lab3_2/lab3_2.srcs/constrs_1/new/lab3_2.xdc]
INFO: [Project 1-236] Implementation specific constraints were found while reading constraint file [/home/yi/Workspace/Vivado/lab3/lab3_2/lab3_2.srcs/constrs_1/new/lab3_2.xdc]. These constraints will be ignored for synthesis but will be used in implementation. Impacted constraints are listed in the file [.Xil/lab3_2_propImpl.xdc].
Resolution: To avoid this warning, move constraints listed in [.Xil/lab3_2_propImpl.xdc] to another XDC file and exclude this new file from synthesis with the used_in_synthesis property (File Properties dialog in GUI) and re-run elaboration/synthesis.
Completed Processing XDC Constraints

Netlist sorting complete. Time (s): cpu = 00:00:00 ; elapsed = 00:00:00 . Memory (MB): peak = 2381.898 ; gain = 0.000 ; free physical = 3434 ; free virtual = 30607
INFO: [Project 1-111] Unisim Transformation Summary:
No Unisim elements were transformed.

Constraint Validation Runtime : Time (s): cpu = 00:00:00 ; elapsed = 00:00:00 . Memory (MB): peak = 2381.898 ; gain = 0.000 ; free physical = 3434 ; free virtual = 30607
---------------------------------------------------------------------------------
Finished Constraint Validation : Time (s): cpu = 00:00:07 ; elapsed = 00:00:08 . Memory (MB): peak = 2381.898 ; gain = 63.883 ; free physical = 3461 ; free virtual = 30669
---------------------------------------------------------------------------------
---------------------------------------------------------------------------------
Start Loading Part and Timing Information
---------------------------------------------------------------------------------
Loading part: xc7a35tcpg236-1
---------------------------------------------------------------------------------
Finished Loading Part and Timing Information : Time (s): cpu = 00:00:07 ; elapsed = 00:00:08 . Memory (MB): peak = 2381.898 ; gain = 63.883 ; free physical = 3461 ; free virtual = 30669
---------------------------------------------------------------------------------
---------------------------------------------------------------------------------
Start Applying 'set_property' XDC Constraints
---------------------------------------------------------------------------------
---------------------------------------------------------------------------------
Finished applying 'set_property' XDC Constraints : Time (s): cpu = 00:00:07 ; elapsed = 00:00:08 . Memory (MB): peak = 2381.898 ; gain = 63.883 ; free physical = 3461 ; free virtual = 30669
---------------------------------------------------------------------------------
INFO: [Synth 8-802] inferred FSM for state register 'state_reg' in module 'lab3_2'
---------------------------------------------------------------------------------------------------
                   State |                     New Encoding |                Previous Encoding 
---------------------------------------------------------------------------------------------------
              S_Flashing |                              001 |                               00
              S_Shifting |                              010 |                               01
             S_Expanding |                              100 |                               10
---------------------------------------------------------------------------------------------------
INFO: [Synth 8-3354] encoded FSM with state register 'state_reg' using encoding 'one-hot' in module 'lab3_2'
---------------------------------------------------------------------------------
Finished RTL Optimization Phase 2 : Time (s): cpu = 00:00:07 ; elapsed = 00:00:08 . Memory (MB): peak = 2381.898 ; gain = 63.883 ; free physical = 3461 ; free virtual = 30670
---------------------------------------------------------------------------------
---------------------------------------------------------------------------------
Start RTL Component Statistics 
---------------------------------------------------------------------------------
Detailed RTL Component Info : 
+---Adders : 
	   2 Input    7 Bit       Adders := 2     
	   2 Input    6 Bit       Adders := 3     
	   2 Input    1 Bit       Adders := 1     
+---Registers : 
	               16 Bit    Registers := 1     
	                6 Bit    Registers := 3     
+---Muxes : 
	   2 Input   32 Bit        Muxes := 1     
	   2 Input   16 Bit        Muxes := 12    
	   5 Input   16 Bit        Muxes := 1     
	   3 Input   16 Bit        Muxes := 1     
	   2 Input    6 Bit        Muxes := 3     
	   2 Input    1 Bit        Muxes := 3     
	   3 Input    1 Bit        Muxes := 3     
---------------------------------------------------------------------------------
Finished RTL Component Statistics 
---------------------------------------------------------------------------------
---------------------------------------------------------------------------------
Start Part Resource Summary
---------------------------------------------------------------------------------
Part Resources:
DSPs: 90 (col length:60)
BRAMs: 100 (col length: RAMB18 60 RAMB36 30)
---------------------------------------------------------------------------------
Finished Part Resource Summary
---------------------------------------------------------------------------------
---------------------------------------------------------------------------------
Start Cross Boundary and Area Optimization
---------------------------------------------------------------------------------
---------------------------------------------------------------------------------
Finished Cross Boundary and Area Optimization : Time (s): cpu = 00:00:08 ; elapsed = 00:00:09 . Memory (MB): peak = 2381.898 ; gain = 63.883 ; free physical = 3427 ; free virtual = 30643
---------------------------------------------------------------------------------
---------------------------------------------------------------------------------
Start Applying XDC Timing Constraints
---------------------------------------------------------------------------------
---------------------------------------------------------------------------------
Finished Applying XDC Timing Constraints : Time (s): cpu = 00:00:12 ; elapsed = 00:00:13 . Memory (MB): peak = 2381.898 ; gain = 63.883 ; free physical = 3323 ; free virtual = 30498
---------------------------------------------------------------------------------
---------------------------------------------------------------------------------
Start Timing Optimization
---------------------------------------------------------------------------------
---------------------------------------------------------------------------------
Finished Timing Optimization : Time (s): cpu = 00:00:12 ; elapsed = 00:00:13 . Memory (MB): peak = 2381.898 ; gain = 63.883 ; free physical = 3325 ; free virtual = 30508
---------------------------------------------------------------------------------
---------------------------------------------------------------------------------
Start Technology Mapping
---------------------------------------------------------------------------------
---------------------------------------------------------------------------------
Finished Technology Mapping : Time (s): cpu = 00:00:12 ; elapsed = 00:00:13 . Memory (MB): peak = 2381.898 ; gain = 63.883 ; free physical = 3318 ; free virtual = 30501
---------------------------------------------------------------------------------
---------------------------------------------------------------------------------
Start IO Insertion
---------------------------------------------------------------------------------
---------------------------------------------------------------------------------
Start Flattening Before IO Insertion
---------------------------------------------------------------------------------
---------------------------------------------------------------------------------
Finished Flattening Before IO Insertion
---------------------------------------------------------------------------------
---------------------------------------------------------------------------------
Start Final Netlist Cleanup
---------------------------------------------------------------------------------
---------------------------------------------------------------------------------
Finished Final Netlist Cleanup
---------------------------------------------------------------------------------
---------------------------------------------------------------------------------
Finished IO Insertion : Time (s): cpu = 00:00:14 ; elapsed = 00:00:15 . Memory (MB): peak = 2381.898 ; gain = 63.883 ; free physical = 3322 ; free virtual = 30502
---------------------------------------------------------------------------------
---------------------------------------------------------------------------------
Start Renaming Generated Instances
---------------------------------------------------------------------------------
---------------------------------------------------------------------------------
Finished Renaming Generated Instances : Time (s): cpu = 00:00:14 ; elapsed = 00:00:15 . Memory (MB): peak = 2381.898 ; gain = 63.883 ; free physical = 3322 ; free virtual = 30502
---------------------------------------------------------------------------------
---------------------------------------------------------------------------------
Start Rebuilding User Hierarchy
---------------------------------------------------------------------------------
---------------------------------------------------------------------------------
Finished Rebuilding User Hierarchy : Time (s): cpu = 00:00:14 ; elapsed = 00:00:15 . Memory (MB): peak = 2381.898 ; gain = 63.883 ; free physical = 3322 ; free virtual = 30502
---------------------------------------------------------------------------------
---------------------------------------------------------------------------------
Start Renaming Generated Ports
---------------------------------------------------------------------------------
---------------------------------------------------------------------------------
Finished Renaming Generated Ports : Time (s): cpu = 00:00:14 ; elapsed = 00:00:15 . Memory (MB): peak = 2381.898 ; gain = 63.883 ; free physical = 3322 ; free virtual = 30502
---------------------------------------------------------------------------------
---------------------------------------------------------------------------------
Start Handling Custom Attributes
---------------------------------------------------------------------------------
---------------------------------------------------------------------------------
Finished Handling Custom Attributes : Time (s): cpu = 00:00:14 ; elapsed = 00:00:15 . Memory (MB): peak = 2381.898 ; gain = 63.883 ; free physical = 3322 ; free virtual = 30502
---------------------------------------------------------------------------------
---------------------------------------------------------------------------------
Start Renaming Generated Nets
---------------------------------------------------------------------------------
---------------------------------------------------------------------------------
Finished Renaming Generated Nets : Time (s): cpu = 00:00:14 ; elapsed = 00:00:15 . Memory (MB): peak = 2381.898 ; gain = 63.883 ; free physical = 3322 ; free virtual = 30502
---------------------------------------------------------------------------------
---------------------------------------------------------------------------------
Start Writing Synthesis Report
---------------------------------------------------------------------------------

Report BlackBoxes: 
+-+--------------+----------+
| |BlackBox name |Instances |
+-+--------------+----------+
+-+--------------+----------+

Report Cell Usage: 
+------+-------+------+
|      |Cell   |Count |
+------+-------+------+
|1     |BUFG   |     2|
|2     |CARRY4 |     7|
|3     |LUT1   |     1|
|4     |LUT2   |     7|
|5     |LUT3   |    10|
|6     |LUT4   |    10|
|7     |LUT5   |     7|
|8     |LUT6   |    49|
|9     |FDCE   |    15|
|10    |FDPE   |    19|
|11    |FDRE   |    25|
|12    |IBUF   |     4|
|13    |OBUF   |    16|
+------+-------+------+
---------------------------------------------------------------------------------
Finished Writing Synthesis Report : Time (s): cpu = 00:00:14 ; elapsed = 00:00:15 . Memory (MB): peak = 2381.898 ; gain = 63.883 ; free physical = 3322 ; free virtual = 30502
---------------------------------------------------------------------------------
Synthesis finished with 0 errors, 0 critical warnings and 0 warnings.
Synthesis Optimization Runtime : Time (s): cpu = 00:00:13 ; elapsed = 00:00:14 . Memory (MB): peak = 2381.898 ; gain = 0.000 ; free physical = 3376 ; free virtual = 30556
Synthesis Optimization Complete : Time (s): cpu = 00:00:14 ; elapsed = 00:00:15 . Memory (MB): peak = 2381.898 ; gain = 63.883 ; free physical = 3376 ; free virtual = 30556
INFO: [Project 1-571] Translating synthesized netlist
Netlist sorting complete. Time (s): cpu = 00:00:00 ; elapsed = 00:00:00 . Memory (MB): peak = 2381.898 ; gain = 0.000 ; free physical = 3458 ; free virtual = 30638
INFO: [Netlist 29-17] Analyzing 7 Unisim elements for replacement
INFO: [Netlist 29-28] Unisim Transformation completed in 0 CPU seconds
INFO: [Project 1-570] Preparing netlist for logic optimization
INFO: [Opt 31-138] Pushed 0 inverter(s) to 0 load pin(s).
Netlist sorting complete. Time (s): cpu = 00:00:00 ; elapsed = 00:00:00 . Memory (MB): peak = 2381.898 ; gain = 0.000 ; free physical = 3411 ; free virtual = 30591
INFO: [Project 1-111] Unisim Transformation Summary:
No Unisim elements were transformed.

INFO: [Common 17-83] Releasing license: Synthesis
22 Infos, 100 Warnings, 0 Critical Warnings and 0 Errors encountered.
synth_design completed successfully
synth_design: Time (s): cpu = 00:00:21 ; elapsed = 00:00:18 . Memory (MB): peak = 2381.898 ; gain = 64.031 ; free physical = 3554 ; free virtual = 30734
INFO: [Common 17-1381] The checkpoint '/home/yi/Workspace/Vivado/lab3/lab3_2/lab3_2.runs/synth_1/lab3_2.dcp' has been generated.
INFO: [runtcl-4] Executing : report_utilization -file lab3_2_utilization_synth.rpt -pb lab3_2_utilization_synth.pb
INFO: [Common 17-206] Exiting Vivado at Sun Oct 10 02:54:05 2021...
