Vivado Simulator 2020.2
Time resolution is 1 ps
Seq:  0
Seq:  1
Seq:  3
Seq:  6
Seq:  2
Seq:  7
Seq:  1
Seq:  8
Seq: 16
Seq:  7
Seq: 17
Seq:  6
Seq: 18
Seq:  5
Seq: 19
Seq:  4
Seq: 20
Seq:  3
Seq: 21
Seq:  2
Seq: 22
Seq:  1
Seq: 23
Seq: 46
Seq: 22
Seq: 47
Seq: 21
Seq: 48
Seq: 20
Seq: 49
Seq: 19
Seq: 50
Seq: 18
Seq: 51
Seq: 17
Seq: 52
Seq: 16
Seq: 53
Seq: 15
Seq: 54
Seq: 14
Seq: 55
Seq: 13
Seq: 56
Seq: 12
Seq: 57
Seq: 11
Seq: 58
Seq: 10
Seq: 59
Seq:  9
Seq: 60
Seq:  8
Seq: 61
Seq:  7
Seq: 62
Seq:  6
Seq: 63
Seq: 62
Seq: 60
Seq: 56
Seq: 48
Seq: 32
Seq:  0
Seq:  1
Seq:  3
Seq:  6
Seq:  2
Seq:  7
Seq:  1
Seq:  8
Seq:  0
Seq:  1
Seq:  3
Seq:  6
Seq:  2
Seq:  7
Seq:  0
Seq:  1
Seq:  3
Seq:  6
Seq:  2
Seq:  7
Seq:  1
Seq:  8
Seq: 16
Seq:  7
Seq: 17
>>>> [PASS] Congratulations!
$finish called at time : 876 ns : File "/home/yi/Workspace/Vivado/lab2/lab2_1/lab2_1.srcs/sources_1/new/lab2_1_t.v" Line 57
