Copyright 1986-2020 Xilinx, Inc. All Rights Reserved.
------------------------------------------------------------------------------------------------------------
| Tool Version : Vivado v.2020.2 (lin64) Build 3064766 Wed Nov 18 09:12:47 MST 2020
| Date         : Sun Oct 10 10:19:23 2021
| Host         : YNB running 64-bit Arch Linux
| Command      : report_drc -file lab3_2_drc_routed.rpt -pb lab3_2_drc_routed.pb -rpx lab3_2_drc_routed.rpx
| Design       : lab3_2
| Device       : xc7a35tcpg236-1
| Speed File   : -1
| Design State : Fully Routed
------------------------------------------------------------------------------------------------------------

Report DRC

Table of Contents
-----------------
1. REPORT SUMMARY
2. REPORT DETAILS

1. REPORT SUMMARY
-----------------
            Netlist: netlist
          Floorplan: design_1
      Design limits: <entire design considered>
           Ruledeck: default
             Max violations: <unlimited>
             Violations found: 0
+------+----------+-------------+------------+
| Rule | Severity | Description | Violations |
+------+----------+-------------+------------+
+------+----------+-------------+------------+

2. REPORT DETAILS
-----------------

