Copyright 1986-2020 Xilinx, Inc. All Rights Reserved.
------------------------------------------------------------------------------------
| Tool Version : Vivado v.2020.2 (lin64) Build 3064766 Wed Nov 18 09:12:47 MST 2020
| Date         : Thu Dec  2 02:11:57 2021
| Host         : YNB running 64-bit Arch Linux
| Command      : report_control_sets -verbose -file lab7_2_control_sets_placed.rpt
| Design       : lab7_2
| Device       : xc7a35t
------------------------------------------------------------------------------------

Control Set Information

Table of Contents
-----------------
1. Summary
2. Histogram
3. Flip-Flop Distribution
4. Detailed Control Set Information

1. Summary
----------

+----------------------------------------------------------+-------+
|                          Status                          | Count |
+----------------------------------------------------------+-------+
| Total control sets                                       |    13 |
|    Minimum number of control sets                        |    13 |
|    Addition due to synthesis replication                 |     0 |
|    Addition due to physical synthesis replication        |     0 |
| Unused register locations in slices containing registers |    56 |
+----------------------------------------------------------+-------+
* Control sets can be merged at opt_design using control_set_merge or merge_equivalent_drivers
** Run report_qor_suggestions for automated merging and remapping suggestions


2. Histogram
------------

+--------------------+-------+
|       Fanout       | Count |
+--------------------+-------+
| Total control sets |    13 |
| >= 0 to < 4        |     1 |
| >= 4 to < 6        |     2 |
| >= 6 to < 8        |     0 |
| >= 8 to < 10       |     2 |
| >= 10 to < 12      |     5 |
| >= 12 to < 14      |     1 |
| >= 14 to < 16      |     1 |
| >= 16              |     1 |
+--------------------+-------+
* Control sets can be remapped at either synth_design or opt_design


3. Flip-Flop Distribution
-------------------------

+--------------+-----------------------+------------------------+-----------------+--------------+
| Clock Enable | Synchronous Set/Reset | Asynchronous Set/Reset | Total Registers | Total Slices |
+--------------+-----------------------+------------------------+-----------------+--------------+
| No           | No                    | No                     |              14 |            8 |
| No           | No                    | Yes                    |              89 |           29 |
| No           | Yes                   | No                     |              12 |            7 |
| Yes          | No                    | No                     |               0 |            0 |
| Yes          | No                    | Yes                    |              67 |           22 |
| Yes          | Yes                   | No                     |              10 |            4 |
+--------------+-----------------------+------------------------+-----------------+--------------+


4. Detailed Control Set Information
-----------------------------------

+-----------------------------+---------------------------------------------------+-------------------------------+------------------+----------------+--------------+
|         Clock Signal        |                   Enable Signal                   |        Set/Reset Signal       | Slice Load Count | Bel Load Count | Bels / Slice |
+-----------------------------+---------------------------------------------------+-------------------------------+------------------+----------------+--------------+
|  clk_wiz_0_inst/out_BUFG[0] |                                                   | rst_IBUF                      |                2 |              2 |         1.00 |
|  clk_IBUF_BUFG              |                                                   |                               |                2 |              4 |         2.00 |
|  clk_IBUF_BUFG              | key_de/inst/inst/Ps2Interface_i/bits_count        | rst_IBUF                      |                2 |              4 |         2.00 |
|  clk_IBUF_BUFG              | key_de/inst/inst/Ps2Interface_i/rx_finish         | rst_IBUF                      |                3 |              8 |         2.67 |
|  clk_IBUF_BUFG              | key_de/inst/inst/Ps2Interface_i/rx_valid          | rst_IBUF                      |                2 |              8 |         4.00 |
|  clk_IBUF_BUFG              | key_de/key                                        | rst_IBUF                      |                2 |             10 |         5.00 |
|  clk_wiz_0_inst/out_BUFG[0] |                                                   |                               |                6 |             10 |         1.67 |
|  clk_wiz_0_inst/out_BUFG[0] |                                                   | vga_inst/pixel_cnt[9]_i_1_n_0 |                5 |             10 |         2.00 |
|  clk_wiz_0_inst/out_BUFG[0] | vga_inst/line_cnt                                 | vga_inst/line_cnt[9]_i_1_n_0  |                4 |             10 |         2.50 |
|  clk_IBUF_BUFG              | key_de/inst/inst/Ps2Interface_i/frame[10]_i_1_n_0 | rst_IBUF                      |                2 |             11 |         5.50 |
|  clk_IBUF_BUFG              | p_12_in                                           | rst_IBUF                      |                5 |             12 |         2.40 |
|  clk_IBUF_BUFG              | key_de/op/E[0]                                    | rst_IBUF                      |                6 |             14 |         2.33 |
|  clk_IBUF_BUFG              |                                                   | rst_IBUF                      |               29 |             89 |         3.07 |
+-----------------------------+---------------------------------------------------+-------------------------------+------------------+----------------+--------------+


