
*** Running vivado
    with args -log tetris.vds -m64 -product Vivado -mode batch -messageDb vivado.pb -notrace -source tetris.tcl


****** Vivado v2020.2 (64-bit)
  **** SW Build 3064766 on Wed Nov 18 09:12:47 MST 2020
  **** IP Build 3064653 on Wed Nov 18 14:17:31 MST 2020
    ** Copyright 1986-2020 Xilinx, Inc. All Rights Reserved.

source tetris.tcl -notrace
Command: synth_design -top tetris -part xc7a35tcpg236-1
Starting synth_design
Attempting to get a license for feature 'Synthesis' and/or device 'xc7a35t'
INFO: [Common 17-349] Got license for feature 'Synthesis' and/or device 'xc7a35t'
INFO: [Device 21-403] Loading part xc7a35tcpg236-1
INFO: [Synth 8-7079] Multithreading enabled for synth_design using a maximum of 4 processes.
INFO: [Synth 8-7078] Launching helper process for spawning children vivado processes
INFO: [Synth 8-7075] Helper process launched with PID 404670
---------------------------------------------------------------------------------
Starting RTL Elaboration : Time (s): cpu = 00:00:02 ; elapsed = 00:00:03 . Memory (MB): peak = 2321.039 ; gain = 0.000 ; free physical = 1746 ; free virtual = 25936
---------------------------------------------------------------------------------
INFO: [Synth 8-6157] synthesizing module 'tetris' [/home/yi/Workspace/Vivado/Tetris/Tetris.srcs/sources_1/new/top.v:19]
INFO: [Synth 8-6157] synthesizing module 'clock_divider' [/home/yi/Workspace/Vivado/Tetris/Tetris.srcs/sources_1/new/top.v:2]
	Parameter max bound to: 23 - type: integer 
INFO: [Synth 8-6155] done synthesizing module 'clock_divider' (1#1) [/home/yi/Workspace/Vivado/Tetris/Tetris.srcs/sources_1/new/top.v:2]
INFO: [Synth 8-6157] synthesizing module 'vga_top' [/home/yi/Workspace/Vivado/Tetris/Tetris.srcs/sources_1/new/vpg_top.v:2]
INFO: [Synth 8-6157] synthesizing module 'pixel_gen' [/home/yi/Workspace/Vivado/Tetris/Tetris.srcs/sources_1/new/graphics.v:18]
	Parameter tile_colors bound to: 108'b111111111111000011011111100010011110111110110000111111010111110010011110111101111000001011101101101110111011 
INFO: [Synth 8-6155] done synthesizing module 'pixel_gen' (2#1) [/home/yi/Workspace/Vivado/Tetris/Tetris.srcs/sources_1/new/graphics.v:18]
INFO: [Synth 8-6157] synthesizing module 'vga_controller' [/home/yi/Workspace/Vivado/VGASampleCode/demo2/vga.v:6]
	Parameter HD bound to: 640 - type: integer 
	Parameter HF bound to: 16 - type: integer 
	Parameter HS bound to: 96 - type: integer 
	Parameter HB bound to: 48 - type: integer 
	Parameter HT bound to: 800 - type: integer 
	Parameter VD bound to: 480 - type: integer 
	Parameter VF bound to: 10 - type: integer 
	Parameter VS bound to: 2 - type: integer 
	Parameter VB bound to: 33 - type: integer 
	Parameter VT bound to: 525 - type: integer 
	Parameter hsync_default bound to: 1'b1 
	Parameter vsync_default bound to: 1'b1 
INFO: [Synth 8-6155] done synthesizing module 'vga_controller' (3#1) [/home/yi/Workspace/Vivado/VGASampleCode/demo2/vga.v:6]
INFO: [Synth 8-6155] done synthesizing module 'vga_top' (4#1) [/home/yi/Workspace/Vivado/Tetris/Tetris.srcs/sources_1/new/vpg_top.v:2]
INFO: [Synth 8-6155] done synthesizing module 'tetris' (5#1) [/home/yi/Workspace/Vivado/Tetris/Tetris.srcs/sources_1/new/top.v:19]
---------------------------------------------------------------------------------
Finished RTL Elaboration : Time (s): cpu = 00:00:03 ; elapsed = 00:00:04 . Memory (MB): peak = 2321.039 ; gain = 0.000 ; free physical = 1628 ; free virtual = 25719
---------------------------------------------------------------------------------
---------------------------------------------------------------------------------
Start Handling Custom Attributes
---------------------------------------------------------------------------------
---------------------------------------------------------------------------------
Finished Handling Custom Attributes : Time (s): cpu = 00:00:03 ; elapsed = 00:00:04 . Memory (MB): peak = 2321.039 ; gain = 0.000 ; free physical = 2342 ; free virtual = 26434
---------------------------------------------------------------------------------
---------------------------------------------------------------------------------
Finished RTL Optimization Phase 1 : Time (s): cpu = 00:00:03 ; elapsed = 00:00:04 . Memory (MB): peak = 2321.039 ; gain = 0.000 ; free physical = 2342 ; free virtual = 26434
---------------------------------------------------------------------------------
Netlist sorting complete. Time (s): cpu = 00:00:00.01 ; elapsed = 00:00:00.01 . Memory (MB): peak = 2321.039 ; gain = 0.000 ; free physical = 2308 ; free virtual = 26400
INFO: [Project 1-570] Preparing netlist for logic optimization

Processing XDC Constraints
Initializing timing engine
Parsing XDC File [/home/yi/Workspace/Vivado/Tetris/Tetris.srcs/constrs_1/new/tetris.xdc]
Finished Parsing XDC File [/home/yi/Workspace/Vivado/Tetris/Tetris.srcs/constrs_1/new/tetris.xdc]
INFO: [Project 1-236] Implementation specific constraints were found while reading constraint file [/home/yi/Workspace/Vivado/Tetris/Tetris.srcs/constrs_1/new/tetris.xdc]. These constraints will be ignored for synthesis but will be used in implementation. Impacted constraints are listed in the file [.Xil/tetris_propImpl.xdc].
Resolution: To avoid this warning, move constraints listed in [.Xil/tetris_propImpl.xdc] to another XDC file and exclude this new file from synthesis with the used_in_synthesis property (File Properties dialog in GUI) and re-run elaboration/synthesis.
Completed Processing XDC Constraints

Netlist sorting complete. Time (s): cpu = 00:00:00 ; elapsed = 00:00:00 . Memory (MB): peak = 2384.844 ; gain = 0.000 ; free physical = 2266 ; free virtual = 26366
INFO: [Project 1-111] Unisim Transformation Summary:
No Unisim elements were transformed.

Constraint Validation Runtime : Time (s): cpu = 00:00:00 ; elapsed = 00:00:00 . Memory (MB): peak = 2384.844 ; gain = 0.000 ; free physical = 2266 ; free virtual = 26366
---------------------------------------------------------------------------------
Finished Constraint Validation : Time (s): cpu = 00:00:07 ; elapsed = 00:00:08 . Memory (MB): peak = 2384.844 ; gain = 63.805 ; free physical = 2320 ; free virtual = 26420
---------------------------------------------------------------------------------
---------------------------------------------------------------------------------
Start Loading Part and Timing Information
---------------------------------------------------------------------------------
Loading part: xc7a35tcpg236-1
---------------------------------------------------------------------------------
Finished Loading Part and Timing Information : Time (s): cpu = 00:00:07 ; elapsed = 00:00:08 . Memory (MB): peak = 2384.844 ; gain = 63.805 ; free physical = 2321 ; free virtual = 26420
---------------------------------------------------------------------------------
---------------------------------------------------------------------------------
Start Applying 'set_property' XDC Constraints
---------------------------------------------------------------------------------
---------------------------------------------------------------------------------
Finished applying 'set_property' XDC Constraints : Time (s): cpu = 00:00:07 ; elapsed = 00:00:08 . Memory (MB): peak = 2384.844 ; gain = 63.805 ; free physical = 2321 ; free virtual = 26420
---------------------------------------------------------------------------------
---------------------------------------------------------------------------------
Finished RTL Optimization Phase 2 : Time (s): cpu = 00:00:07 ; elapsed = 00:00:09 . Memory (MB): peak = 2384.844 ; gain = 63.805 ; free physical = 2313 ; free virtual = 26413
---------------------------------------------------------------------------------
---------------------------------------------------------------------------------
Start RTL Component Statistics 
---------------------------------------------------------------------------------
Detailed RTL Component Info : 
+---Adders : 
	   2 Input   10 Bit       Adders := 2     
	   2 Input    5 Bit       Adders := 1     
	   2 Input    4 Bit       Adders := 1     
+---Registers : 
	               10 Bit    Registers := 2     
	                1 Bit    Registers := 2     
+---Muxes : 
	   2 Input   12 Bit        Muxes := 9     
	  10 Input   12 Bit        Muxes := 2     
	  20 Input   12 Bit        Muxes := 1     
	   2 Input   10 Bit        Muxes := 2     
	   4 Input    4 Bit        Muxes := 1     
	   2 Input    1 Bit        Muxes := 2     
---------------------------------------------------------------------------------
Finished RTL Component Statistics 
---------------------------------------------------------------------------------
---------------------------------------------------------------------------------
Start Part Resource Summary
---------------------------------------------------------------------------------
Part Resources:
DSPs: 90 (col length:60)
BRAMs: 100 (col length: RAMB18 60 RAMB36 30)
---------------------------------------------------------------------------------
Finished Part Resource Summary
---------------------------------------------------------------------------------
---------------------------------------------------------------------------------
Start Cross Boundary and Area Optimization
---------------------------------------------------------------------------------
---------------------------------------------------------------------------------
Finished Cross Boundary and Area Optimization : Time (s): cpu = 00:00:09 ; elapsed = 00:00:10 . Memory (MB): peak = 2384.844 ; gain = 63.805 ; free physical = 2297 ; free virtual = 26403
---------------------------------------------------------------------------------
---------------------------------------------------------------------------------
Start Applying XDC Timing Constraints
---------------------------------------------------------------------------------
---------------------------------------------------------------------------------
Finished Applying XDC Timing Constraints : Time (s): cpu = 00:00:12 ; elapsed = 00:00:14 . Memory (MB): peak = 2384.844 ; gain = 63.805 ; free physical = 2167 ; free virtual = 26282
---------------------------------------------------------------------------------
---------------------------------------------------------------------------------
Start Timing Optimization
---------------------------------------------------------------------------------
---------------------------------------------------------------------------------
Finished Timing Optimization : Time (s): cpu = 00:00:13 ; elapsed = 00:00:14 . Memory (MB): peak = 2384.844 ; gain = 63.805 ; free physical = 2159 ; free virtual = 26274
---------------------------------------------------------------------------------
---------------------------------------------------------------------------------
Start Technology Mapping
---------------------------------------------------------------------------------
---------------------------------------------------------------------------------
Finished Technology Mapping : Time (s): cpu = 00:00:13 ; elapsed = 00:00:14 . Memory (MB): peak = 2384.844 ; gain = 63.805 ; free physical = 2157 ; free virtual = 26272
---------------------------------------------------------------------------------
---------------------------------------------------------------------------------
Start IO Insertion
---------------------------------------------------------------------------------
---------------------------------------------------------------------------------
Start Flattening Before IO Insertion
---------------------------------------------------------------------------------
---------------------------------------------------------------------------------
Finished Flattening Before IO Insertion
---------------------------------------------------------------------------------
---------------------------------------------------------------------------------
Start Final Netlist Cleanup
---------------------------------------------------------------------------------
---------------------------------------------------------------------------------
Finished Final Netlist Cleanup
---------------------------------------------------------------------------------
---------------------------------------------------------------------------------
Finished IO Insertion : Time (s): cpu = 00:00:15 ; elapsed = 00:00:16 . Memory (MB): peak = 2384.844 ; gain = 63.805 ; free physical = 2157 ; free virtual = 26272
---------------------------------------------------------------------------------
---------------------------------------------------------------------------------
Start Renaming Generated Instances
---------------------------------------------------------------------------------
---------------------------------------------------------------------------------
Finished Renaming Generated Instances : Time (s): cpu = 00:00:15 ; elapsed = 00:00:16 . Memory (MB): peak = 2384.844 ; gain = 63.805 ; free physical = 2157 ; free virtual = 26272
---------------------------------------------------------------------------------
---------------------------------------------------------------------------------
Start Rebuilding User Hierarchy
---------------------------------------------------------------------------------
---------------------------------------------------------------------------------
Finished Rebuilding User Hierarchy : Time (s): cpu = 00:00:15 ; elapsed = 00:00:16 . Memory (MB): peak = 2384.844 ; gain = 63.805 ; free physical = 2157 ; free virtual = 26272
---------------------------------------------------------------------------------
---------------------------------------------------------------------------------
Start Renaming Generated Ports
---------------------------------------------------------------------------------
---------------------------------------------------------------------------------
Finished Renaming Generated Ports : Time (s): cpu = 00:00:15 ; elapsed = 00:00:16 . Memory (MB): peak = 2384.844 ; gain = 63.805 ; free physical = 2156 ; free virtual = 26271
---------------------------------------------------------------------------------
---------------------------------------------------------------------------------
Start Handling Custom Attributes
---------------------------------------------------------------------------------
---------------------------------------------------------------------------------
Finished Handling Custom Attributes : Time (s): cpu = 00:00:15 ; elapsed = 00:00:16 . Memory (MB): peak = 2384.844 ; gain = 63.805 ; free physical = 2156 ; free virtual = 26271
---------------------------------------------------------------------------------
---------------------------------------------------------------------------------
Start Renaming Generated Nets
---------------------------------------------------------------------------------
---------------------------------------------------------------------------------
Finished Renaming Generated Nets : Time (s): cpu = 00:00:15 ; elapsed = 00:00:16 . Memory (MB): peak = 2384.844 ; gain = 63.805 ; free physical = 2156 ; free virtual = 26271
---------------------------------------------------------------------------------
---------------------------------------------------------------------------------
Start Writing Synthesis Report
---------------------------------------------------------------------------------

Report BlackBoxes: 
+-+--------------+----------+
| |BlackBox name |Instances |
+-+--------------+----------+
+-+--------------+----------+

Report Cell Usage: 
+------+-------+------+
|      |Cell   |Count |
+------+-------+------+
|1     |BUFG   |     1|
|2     |CARRY4 |    17|
|3     |LUT1   |     3|
|4     |LUT2   |    21|
|5     |LUT3   |    19|
|6     |LUT4   |    36|
|7     |LUT5   |    78|
|8     |LUT6   |   111|
|9     |MUXF7  |     1|
|10    |FDCE   |     2|
|11    |FDRE   |    20|
|12    |FDSE   |     2|
|13    |IBUF   |     2|
|14    |OBUF   |    14|
+------+-------+------+
---------------------------------------------------------------------------------
Finished Writing Synthesis Report : Time (s): cpu = 00:00:15 ; elapsed = 00:00:16 . Memory (MB): peak = 2384.844 ; gain = 63.805 ; free physical = 2156 ; free virtual = 26271
---------------------------------------------------------------------------------
Synthesis finished with 0 errors, 0 critical warnings and 0 warnings.
Synthesis Optimization Runtime : Time (s): cpu = 00:00:13 ; elapsed = 00:00:15 . Memory (MB): peak = 2384.844 ; gain = 0.000 ; free physical = 2213 ; free virtual = 26328
Synthesis Optimization Complete : Time (s): cpu = 00:00:15 ; elapsed = 00:00:16 . Memory (MB): peak = 2384.844 ; gain = 63.805 ; free physical = 2213 ; free virtual = 26328
INFO: [Project 1-571] Translating synthesized netlist
Netlist sorting complete. Time (s): cpu = 00:00:00 ; elapsed = 00:00:00 . Memory (MB): peak = 2384.844 ; gain = 0.000 ; free physical = 2308 ; free virtual = 26425
INFO: [Netlist 29-17] Analyzing 18 Unisim elements for replacement
INFO: [Netlist 29-28] Unisim Transformation completed in 0 CPU seconds
INFO: [Project 1-570] Preparing netlist for logic optimization
INFO: [Opt 31-138] Pushed 0 inverter(s) to 0 load pin(s).
Netlist sorting complete. Time (s): cpu = 00:00:00 ; elapsed = 00:00:00 . Memory (MB): peak = 2384.844 ; gain = 0.000 ; free physical = 2262 ; free virtual = 26379
INFO: [Project 1-111] Unisim Transformation Summary:
No Unisim elements were transformed.

INFO: [Common 17-83] Releasing license: Synthesis
25 Infos, 0 Warnings, 0 Critical Warnings and 0 Errors encountered.
synth_design completed successfully
synth_design: Time (s): cpu = 00:00:21 ; elapsed = 00:00:19 . Memory (MB): peak = 2384.844 ; gain = 64.031 ; free physical = 2405 ; free virtual = 26522
INFO: [Common 17-1381] The checkpoint '/home/yi/Workspace/Vivado/Tetris/Tetris.runs/synth_1/tetris.dcp' has been generated.
INFO: [runtcl-4] Executing : report_utilization -file tetris_utilization_synth.rpt -pb tetris_utilization_synth.pb
INFO: [Common 17-206] Exiting Vivado at Fri Jan 14 02:17:43 2022...
