
*** Running vivado
    with args -log lab6.vds -m64 -product Vivado -mode batch -messageDb vivado.pb -notrace -source lab6.tcl


****** Vivado v2020.2 (64-bit)
  **** SW Build 3064766 on Wed Nov 18 09:12:47 MST 2020
  **** IP Build 3064653 on Wed Nov 18 14:17:31 MST 2020
    ** Copyright 1986-2020 Xilinx, Inc. All Rights Reserved.

source lab6.tcl -notrace
INFO: [IP_Flow 19-234] Refreshing IP repositories
INFO: [IP_Flow 19-1700] Loaded user IP repository '/home/yi/Workspace/Vivado/KeyboardSampleCode/ip'.
INFO: [IP_Flow 19-2313] Loaded Vivado IP repository '/opt/Xilinx/Vivado/2020.2/data/ip'.
Command: synth_design -top lab6 -part xc7a35tcpg236-1
Starting synth_design
Attempting to get a license for feature 'Synthesis' and/or device 'xc7a35t'
INFO: [Common 17-349] Got license for feature 'Synthesis' and/or device 'xc7a35t'
INFO: [Device 21-403] Loading part xc7a35tcpg236-1
INFO: [Synth 8-7079] Multithreading enabled for synth_design using a maximum of 4 processes.
INFO: [Synth 8-7078] Launching helper process for spawning children vivado processes
INFO: [Synth 8-7075] Helper process launched with PID 634419
---------------------------------------------------------------------------------
Starting RTL Elaboration : Time (s): cpu = 00:00:02 ; elapsed = 00:00:03 . Memory (MB): peak = 2325.035 ; gain = 0.000 ; free physical = 2867 ; free virtual = 33299
---------------------------------------------------------------------------------
INFO: [Synth 8-6157] synthesizing module 'lab6' [/home/yi/Workspace/Vivado/lab6/lab6.srcs/sources_1/new/lab6.v:18]
	Parameter S_IdleB1 bound to: 4'b0000 
	Parameter S_PickUpB1 bound to: 4'b0001 
	Parameter S_RefuelG1 bound to: 4'b0010 
	Parameter S_DriveB1G2 bound to: 4'b0011 
	Parameter S_RefuelB1B2 bound to: 4'b0100 
	Parameter S_DriveG2B2 bound to: 4'b0101 
	Parameter S_GetOffB2 bound to: 4'b0110 
	Parameter S_IdleB2 bound to: 4'b0111 
	Parameter S_PickUpB2 bound to: 4'b1000 
	Parameter S_RefuelG3 bound to: 4'b1001 
	Parameter S_DriveB2G2 bound to: 4'b1010 
	Parameter S_RefuelB2B1 bound to: 4'b1011 
	Parameter S_DriveG2B1 bound to: 4'b1100 
	Parameter S_GetOffB1 bound to: 4'b1101 
	Parameter BCD_DASH bound to: 4'b1101 
	Parameter BCD_OFF bound to: 4'b1111 
INFO: [Synth 8-6157] synthesizing module 'clock_divider' [/home/yi/Workspace/Vivado/lab6/lab6.srcs/sources_1/new/lab6.v:2]
	Parameter n bound to: 14 - type: integer 
INFO: [Synth 8-6155] done synthesizing module 'clock_divider' (1#1) [/home/yi/Workspace/Vivado/lab6/lab6.srcs/sources_1/new/lab6.v:2]
INFO: [Synth 8-6157] synthesizing module 'clock_divider__parameterized0' [/home/yi/Workspace/Vivado/lab6/lab6.srcs/sources_1/new/lab6.v:2]
	Parameter n bound to: 27 - type: integer 
INFO: [Synth 8-6155] done synthesizing module 'clock_divider__parameterized0' (1#1) [/home/yi/Workspace/Vivado/lab6/lab6.srcs/sources_1/new/lab6.v:2]
INFO: [Synth 8-6157] synthesizing module 'onepulse' [/home/yi/Workspace/Vivado/lab6/lab6.srcs/sources_1/new/debounce.v:18]
INFO: [Synth 8-6155] done synthesizing module 'onepulse' (2#1) [/home/yi/Workspace/Vivado/lab6/lab6.srcs/sources_1/new/debounce.v:18]
INFO: [Synth 8-155] case statement is not full and has no default [/home/yi/Workspace/Vivado/lab6/lab6.srcs/sources_1/new/lab6.v:70]
INFO: [Synth 8-155] case statement is not full and has no default [/home/yi/Workspace/Vivado/lab6/lab6.srcs/sources_1/new/lab6.v:116]
INFO: [Synth 8-155] case statement is not full and has no default [/home/yi/Workspace/Vivado/lab6/lab6.srcs/sources_1/new/lab6.v:133]
INFO: [Synth 8-155] case statement is not full and has no default [/home/yi/Workspace/Vivado/lab6/lab6.srcs/sources_1/new/lab6.v:148]
INFO: [Synth 8-155] case statement is not full and has no default [/home/yi/Workspace/Vivado/lab6/lab6.srcs/sources_1/new/lab6.v:163]
INFO: [Synth 8-6157] synthesizing module 'KeyboardDecoder' [/home/yi/Workspace/Vivado/lab6/lab6.srcs/sources_1/new/KeyboardDecoder.v:20]
	Parameter INIT bound to: 2'b00 
	Parameter WAIT_FOR_SIGNAL bound to: 2'b01 
	Parameter GET_SIGNAL_DOWN bound to: 2'b10 
	Parameter WAIT_RELEASE bound to: 2'b11 
	Parameter IS_INIT bound to: 8'b10101010 
	Parameter IS_EXTEND bound to: 8'b11100000 
	Parameter IS_BREAK bound to: 8'b11110000 
INFO: [Synth 8-6157] synthesizing module 'KeyboardCtrl_0' [/home/yi/Workspace/Vivado/lab6/lab6.runs/synth_1/.Xil/Vivado-634304-YNB/realtime/KeyboardCtrl_0_stub.v:6]
INFO: [Synth 8-6155] done synthesizing module 'KeyboardCtrl_0' (3#1) [/home/yi/Workspace/Vivado/lab6/lab6.runs/synth_1/.Xil/Vivado-634304-YNB/realtime/KeyboardCtrl_0_stub.v:6]
INFO: [Synth 8-6157] synthesizing module 'OnePulse' [/home/yi/Workspace/Vivado/lab6/lab6.srcs/sources_1/new/KeyboardDecoder.v:1]
INFO: [Synth 8-6155] done synthesizing module 'OnePulse' (4#1) [/home/yi/Workspace/Vivado/lab6/lab6.srcs/sources_1/new/KeyboardDecoder.v:1]
INFO: [Synth 8-226] default block is never used [/home/yi/Workspace/Vivado/lab6/lab6.srcs/sources_1/new/KeyboardDecoder.v:83]
INFO: [Synth 8-6155] done synthesizing module 'KeyboardDecoder' (5#1) [/home/yi/Workspace/Vivado/lab6/lab6.srcs/sources_1/new/KeyboardDecoder.v:20]
INFO: [Synth 8-6155] done synthesizing module 'lab6' (6#1) [/home/yi/Workspace/Vivado/lab6/lab6.srcs/sources_1/new/lab6.v:18]
---------------------------------------------------------------------------------
Finished RTL Elaboration : Time (s): cpu = 00:00:03 ; elapsed = 00:00:03 . Memory (MB): peak = 2325.035 ; gain = 0.000 ; free physical = 2824 ; free virtual = 33266
---------------------------------------------------------------------------------
---------------------------------------------------------------------------------
Start Handling Custom Attributes
---------------------------------------------------------------------------------
---------------------------------------------------------------------------------
Finished Handling Custom Attributes : Time (s): cpu = 00:00:03 ; elapsed = 00:00:04 . Memory (MB): peak = 2325.035 ; gain = 0.000 ; free physical = 3537 ; free virtual = 33978
---------------------------------------------------------------------------------
---------------------------------------------------------------------------------
Finished RTL Optimization Phase 1 : Time (s): cpu = 00:00:03 ; elapsed = 00:00:04 . Memory (MB): peak = 2325.035 ; gain = 0.000 ; free physical = 3537 ; free virtual = 33978
---------------------------------------------------------------------------------
Netlist sorting complete. Time (s): cpu = 00:00:00.01 ; elapsed = 00:00:00.01 . Memory (MB): peak = 2325.035 ; gain = 0.000 ; free physical = 3511 ; free virtual = 33952
INFO: [Project 1-570] Preparing netlist for logic optimization

Processing XDC Constraints
Initializing timing engine
Parsing XDC File [/home/yi/Workspace/Vivado/lab6/lab6.gen/sources_1/ip/KeyboardCtrl_0/KeyboardCtrl_0/KeyboardCtrl_0_in_context.xdc] for cell 'key_de/inst'
Finished Parsing XDC File [/home/yi/Workspace/Vivado/lab6/lab6.gen/sources_1/ip/KeyboardCtrl_0/KeyboardCtrl_0/KeyboardCtrl_0_in_context.xdc] for cell 'key_de/inst'
Parsing XDC File [/home/yi/Workspace/Vivado/lab6/lab6.srcs/constrs_1/new/lab6.xdc]
Finished Parsing XDC File [/home/yi/Workspace/Vivado/lab6/lab6.srcs/constrs_1/new/lab6.xdc]
INFO: [Project 1-236] Implementation specific constraints were found while reading constraint file [/home/yi/Workspace/Vivado/lab6/lab6.srcs/constrs_1/new/lab6.xdc]. These constraints will be ignored for synthesis but will be used in implementation. Impacted constraints are listed in the file [.Xil/lab6_propImpl.xdc].
Resolution: To avoid this warning, move constraints listed in [.Xil/lab6_propImpl.xdc] to another XDC file and exclude this new file from synthesis with the used_in_synthesis property (File Properties dialog in GUI) and re-run elaboration/synthesis.
Completed Processing XDC Constraints

Netlist sorting complete. Time (s): cpu = 00:00:00 ; elapsed = 00:00:00 . Memory (MB): peak = 2388.902 ; gain = 0.000 ; free physical = 3460 ; free virtual = 33905
INFO: [Project 1-111] Unisim Transformation Summary:
No Unisim elements were transformed.

Constraint Validation Runtime : Time (s): cpu = 00:00:00.01 ; elapsed = 00:00:00 . Memory (MB): peak = 2388.902 ; gain = 0.000 ; free physical = 3460 ; free virtual = 33905
---------------------------------------------------------------------------------
Finished Constraint Validation : Time (s): cpu = 00:00:07 ; elapsed = 00:00:08 . Memory (MB): peak = 2388.902 ; gain = 63.867 ; free physical = 3519 ; free virtual = 33962
---------------------------------------------------------------------------------
---------------------------------------------------------------------------------
Start Loading Part and Timing Information
---------------------------------------------------------------------------------
Loading part: xc7a35tcpg236-1
---------------------------------------------------------------------------------
Finished Loading Part and Timing Information : Time (s): cpu = 00:00:07 ; elapsed = 00:00:08 . Memory (MB): peak = 2388.902 ; gain = 63.867 ; free physical = 3519 ; free virtual = 33962
---------------------------------------------------------------------------------
---------------------------------------------------------------------------------
Start Applying 'set_property' XDC Constraints
---------------------------------------------------------------------------------
Applied set_property IO_BUFFER_TYPE = NONE for PS2_CLK. (constraint file  /home/yi/Workspace/Vivado/lab6/lab6.gen/sources_1/ip/KeyboardCtrl_0/KeyboardCtrl_0/KeyboardCtrl_0_in_context.xdc, line 1).
Applied set_property CLOCK_BUFFER_TYPE = NONE for PS2_CLK. (constraint file  /home/yi/Workspace/Vivado/lab6/lab6.gen/sources_1/ip/KeyboardCtrl_0/KeyboardCtrl_0/KeyboardCtrl_0_in_context.xdc, line 2).
Applied set_property IO_BUFFER_TYPE = NONE for PS2_DATA. (constraint file  /home/yi/Workspace/Vivado/lab6/lab6.gen/sources_1/ip/KeyboardCtrl_0/KeyboardCtrl_0/KeyboardCtrl_0_in_context.xdc, line 3).
Applied set_property CLOCK_BUFFER_TYPE = NONE for PS2_DATA. (constraint file  /home/yi/Workspace/Vivado/lab6/lab6.gen/sources_1/ip/KeyboardCtrl_0/KeyboardCtrl_0/KeyboardCtrl_0_in_context.xdc, line 4).
Applied set_property KEEP_HIERARCHY = SOFT for key_de/inst. (constraint file  auto generated constraint).
---------------------------------------------------------------------------------
Finished applying 'set_property' XDC Constraints : Time (s): cpu = 00:00:07 ; elapsed = 00:00:08 . Memory (MB): peak = 2388.902 ; gain = 63.867 ; free physical = 3519 ; free virtual = 33962
---------------------------------------------------------------------------------
INFO: [Synth 8-802] inferred FSM for state register 'state_reg' in module 'KeyboardDecoder'
INFO: [Synth 8-802] inferred FSM for state register 'DIGIT_reg' in module 'lab6'
---------------------------------------------------------------------------------------------------
                   State |                     New Encoding |                Previous Encoding 
---------------------------------------------------------------------------------------------------
                    INIT |                               00 |                               00
         WAIT_FOR_SIGNAL |                               01 |                               01
         GET_SIGNAL_DOWN |                               10 |                               10
            WAIT_RELEASE |                               11 |                               11
---------------------------------------------------------------------------------------------------
INFO: [Synth 8-3354] encoded FSM with state register 'state_reg' using encoding 'sequential' in module 'KeyboardDecoder'
---------------------------------------------------------------------------------
Finished RTL Optimization Phase 2 : Time (s): cpu = 00:00:07 ; elapsed = 00:00:08 . Memory (MB): peak = 2388.902 ; gain = 63.867 ; free physical = 3513 ; free virtual = 33952
---------------------------------------------------------------------------------
---------------------------------------------------------------------------------
Start RTL Component Statistics 
---------------------------------------------------------------------------------
Detailed RTL Component Info : 
+---Adders : 
	   2 Input    7 Bit       Adders := 1     
	   2 Input    5 Bit       Adders := 1     
	   3 Input    5 Bit       Adders := 1     
	   2 Input    4 Bit       Adders := 1     
	   2 Input    3 Bit       Adders := 2     
	   2 Input    2 Bit       Adders := 3     
+---Registers : 
	              512 Bit    Registers := 1     
	               10 Bit    Registers := 1     
	                7 Bit    Registers := 1     
	                5 Bit    Registers := 1     
	                4 Bit    Registers := 2     
	                3 Bit    Registers := 1     
	                2 Bit    Registers := 3     
	                1 Bit    Registers := 14    
+---Muxes : 
	   2 Input  512 Bit        Muxes := 1     
	   4 Input   10 Bit        Muxes := 1     
	   8 Input    7 Bit        Muxes := 1     
	   8 Input    5 Bit        Muxes := 2     
	   2 Input    5 Bit        Muxes := 1     
	   5 Input    4 Bit        Muxes := 1     
	   2 Input    4 Bit        Muxes := 1     
	   4 Input    4 Bit        Muxes := 1     
	   3 Input    3 Bit        Muxes := 1     
	   4 Input    2 Bit        Muxes := 2     
	   2 Input    2 Bit        Muxes := 6     
	   8 Input    2 Bit        Muxes := 1     
	   5 Input    2 Bit        Muxes := 1     
	   2 Input    1 Bit        Muxes := 18    
	   4 Input    1 Bit        Muxes := 9     
	   3 Input    1 Bit        Muxes := 3     
	   8 Input    1 Bit        Muxes := 2     
---------------------------------------------------------------------------------
Finished RTL Component Statistics 
---------------------------------------------------------------------------------
---------------------------------------------------------------------------------
Start Part Resource Summary
---------------------------------------------------------------------------------
Part Resources:
DSPs: 90 (col length:60)
BRAMs: 100 (col length: RAMB18 60 RAMB36 30)
---------------------------------------------------------------------------------
Finished Part Resource Summary
---------------------------------------------------------------------------------
---------------------------------------------------------------------------------
Start Cross Boundary and Area Optimization
---------------------------------------------------------------------------------
---------------------------------------------------------------------------------
Finished Cross Boundary and Area Optimization : Time (s): cpu = 00:00:09 ; elapsed = 00:00:11 . Memory (MB): peak = 2388.902 ; gain = 63.867 ; free physical = 3506 ; free virtual = 33950
---------------------------------------------------------------------------------
---------------------------------------------------------------------------------
Start Applying XDC Timing Constraints
---------------------------------------------------------------------------------
---------------------------------------------------------------------------------
Finished Applying XDC Timing Constraints : Time (s): cpu = 00:00:13 ; elapsed = 00:00:14 . Memory (MB): peak = 2388.902 ; gain = 63.867 ; free physical = 3381 ; free virtual = 33828
---------------------------------------------------------------------------------
---------------------------------------------------------------------------------
Start Timing Optimization
---------------------------------------------------------------------------------
---------------------------------------------------------------------------------
Finished Timing Optimization : Time (s): cpu = 00:00:13 ; elapsed = 00:00:15 . Memory (MB): peak = 2388.902 ; gain = 63.867 ; free physical = 3366 ; free virtual = 33813
---------------------------------------------------------------------------------
---------------------------------------------------------------------------------
Start Technology Mapping
---------------------------------------------------------------------------------
---------------------------------------------------------------------------------
Finished Technology Mapping : Time (s): cpu = 00:00:14 ; elapsed = 00:00:15 . Memory (MB): peak = 2388.902 ; gain = 63.867 ; free physical = 3367 ; free virtual = 33814
---------------------------------------------------------------------------------
---------------------------------------------------------------------------------
Start IO Insertion
---------------------------------------------------------------------------------
---------------------------------------------------------------------------------
Start Flattening Before IO Insertion
---------------------------------------------------------------------------------
---------------------------------------------------------------------------------
Finished Flattening Before IO Insertion
---------------------------------------------------------------------------------
---------------------------------------------------------------------------------
Start Final Netlist Cleanup
---------------------------------------------------------------------------------
---------------------------------------------------------------------------------
Finished Final Netlist Cleanup
---------------------------------------------------------------------------------
---------------------------------------------------------------------------------
Finished IO Insertion : Time (s): cpu = 00:00:15 ; elapsed = 00:00:17 . Memory (MB): peak = 2388.902 ; gain = 63.867 ; free physical = 3376 ; free virtual = 33821
---------------------------------------------------------------------------------
---------------------------------------------------------------------------------
Start Renaming Generated Instances
---------------------------------------------------------------------------------
---------------------------------------------------------------------------------
Finished Renaming Generated Instances : Time (s): cpu = 00:00:15 ; elapsed = 00:00:17 . Memory (MB): peak = 2388.902 ; gain = 63.867 ; free physical = 3376 ; free virtual = 33821
---------------------------------------------------------------------------------
---------------------------------------------------------------------------------
Start Rebuilding User Hierarchy
---------------------------------------------------------------------------------
---------------------------------------------------------------------------------
Finished Rebuilding User Hierarchy : Time (s): cpu = 00:00:15 ; elapsed = 00:00:17 . Memory (MB): peak = 2388.902 ; gain = 63.867 ; free physical = 3376 ; free virtual = 33821
---------------------------------------------------------------------------------
---------------------------------------------------------------------------------
Start Renaming Generated Ports
---------------------------------------------------------------------------------
---------------------------------------------------------------------------------
Finished Renaming Generated Ports : Time (s): cpu = 00:00:15 ; elapsed = 00:00:17 . Memory (MB): peak = 2388.902 ; gain = 63.867 ; free physical = 3375 ; free virtual = 33820
---------------------------------------------------------------------------------
---------------------------------------------------------------------------------
Start Handling Custom Attributes
---------------------------------------------------------------------------------
---------------------------------------------------------------------------------
Finished Handling Custom Attributes : Time (s): cpu = 00:00:15 ; elapsed = 00:00:17 . Memory (MB): peak = 2388.902 ; gain = 63.867 ; free physical = 3375 ; free virtual = 33819
---------------------------------------------------------------------------------
---------------------------------------------------------------------------------
Start Renaming Generated Nets
---------------------------------------------------------------------------------
---------------------------------------------------------------------------------
Finished Renaming Generated Nets : Time (s): cpu = 00:00:15 ; elapsed = 00:00:17 . Memory (MB): peak = 2388.902 ; gain = 63.867 ; free physical = 3374 ; free virtual = 33819
---------------------------------------------------------------------------------
---------------------------------------------------------------------------------
Start Writing Synthesis Report
---------------------------------------------------------------------------------

Report BlackBoxes: 
+------+---------------+----------+
|      |BlackBox name  |Instances |
+------+---------------+----------+
|1     |KeyboardCtrl_0 |         1|
+------+---------------+----------+

Report Cell Usage: 
+------+-------------+------+
|      |Cell         |Count |
+------+-------------+------+
|1     |KeyboardCtrl |     1|
|2     |BUFG         |     1|
|3     |CARRY4       |    13|
|4     |LUT1         |     3|
|5     |LUT2         |    27|
|6     |LUT3         |    18|
|7     |LUT4         |    35|
|8     |LUT5         |    24|
|9     |LUT6         |    44|
|10    |FDCE         |    45|
|11    |FDRE         |    57|
|12    |IBUF         |     2|
|13    |OBUF         |    27|
+------+-------------+------+
---------------------------------------------------------------------------------
Finished Writing Synthesis Report : Time (s): cpu = 00:00:15 ; elapsed = 00:00:17 . Memory (MB): peak = 2388.902 ; gain = 63.867 ; free physical = 3374 ; free virtual = 33818
---------------------------------------------------------------------------------
Synthesis finished with 0 errors, 0 critical warnings and 0 warnings.
Synthesis Optimization Runtime : Time (s): cpu = 00:00:14 ; elapsed = 00:00:15 . Memory (MB): peak = 2388.902 ; gain = 0.000 ; free physical = 3426 ; free virtual = 33871
Synthesis Optimization Complete : Time (s): cpu = 00:00:16 ; elapsed = 00:00:17 . Memory (MB): peak = 2388.902 ; gain = 63.867 ; free physical = 3426 ; free virtual = 33871
INFO: [Project 1-571] Translating synthesized netlist
Netlist sorting complete. Time (s): cpu = 00:00:00 ; elapsed = 00:00:00 . Memory (MB): peak = 2388.902 ; gain = 0.000 ; free physical = 3506 ; free virtual = 33952
INFO: [Netlist 29-17] Analyzing 13 Unisim elements for replacement
INFO: [Netlist 29-28] Unisim Transformation completed in 0 CPU seconds
INFO: [Project 1-570] Preparing netlist for logic optimization
INFO: [Opt 31-138] Pushed 0 inverter(s) to 0 load pin(s).
Netlist sorting complete. Time (s): cpu = 00:00:00 ; elapsed = 00:00:00 . Memory (MB): peak = 2388.902 ; gain = 0.000 ; free physical = 3461 ; free virtual = 33904
INFO: [Project 1-111] Unisim Transformation Summary:
No Unisim elements were transformed.

INFO: [Common 17-83] Releasing license: Synthesis
41 Infos, 0 Warnings, 0 Critical Warnings and 0 Errors encountered.
synth_design completed successfully
synth_design: Time (s): cpu = 00:00:22 ; elapsed = 00:00:19 . Memory (MB): peak = 2388.902 ; gain = 64.031 ; free physical = 3597 ; free virtual = 34040
INFO: [Common 17-1381] The checkpoint '/home/yi/Workspace/Vivado/lab6/lab6.runs/synth_1/lab6.dcp' has been generated.
INFO: [runtcl-4] Executing : report_utilization -file lab6_utilization_synth.rpt -pb lab6_utilization_synth.pb
INFO: [Common 17-206] Exiting Vivado at Sun Nov 21 02:11:25 2021...
