
*** Running vivado
    with args -log lab7_2.vds -m64 -product Vivado -mode batch -messageDb vivado.pb -notrace -source lab7_2.tcl


****** Vivado v2020.2 (64-bit)
  **** SW Build 3064766 on Wed Nov 18 09:12:47 MST 2020
  **** IP Build 3064653 on Wed Nov 18 14:17:31 MST 2020
    ** Copyright 1986-2020 Xilinx, Inc. All Rights Reserved.

source lab7_2.tcl -notrace
INFO: [IP_Flow 19-234] Refreshing IP repositories
INFO: [IP_Flow 19-1700] Loaded user IP repository '/home/yi/Workspace/Vivado/KeyboardSampleCode/ip'.
INFO: [IP_Flow 19-2313] Loaded Vivado IP repository '/opt/Xilinx/Vivado/2020.2/data/ip'.
Command: synth_design -top lab7_2 -part xc7a35tcpg236-1
Starting synth_design
Attempting to get a license for feature 'Synthesis' and/or device 'xc7a35t'
INFO: [Common 17-349] Got license for feature 'Synthesis' and/or device 'xc7a35t'
INFO: [Device 21-403] Loading part xc7a35tcpg236-1
INFO: [Synth 8-7079] Multithreading enabled for synth_design using a maximum of 4 processes.
INFO: [Synth 8-7078] Launching helper process for spawning children vivado processes
INFO: [Synth 8-7075] Helper process launched with PID 112976
---------------------------------------------------------------------------------
Starting RTL Elaboration : Time (s): cpu = 00:00:02 ; elapsed = 00:00:02 . Memory (MB): peak = 2317.004 ; gain = 0.000 ; free physical = 712 ; free virtual = 33421
---------------------------------------------------------------------------------
INFO: [Synth 8-6157] synthesizing module 'lab7_2' [/home/yi/Workspace/Vivado/lab7/lab7_2/lab7_2.srcs/sources_1/new/lab7_2.v:19]
INFO: [Synth 8-6157] synthesizing module 'clock_divider' [/home/yi/Workspace/Vivado/lab7/lab7_2/lab7_2.srcs/sources_1/new/lab7_2.v:2]
INFO: [Synth 8-6155] done synthesizing module 'clock_divider' (1#1) [/home/yi/Workspace/Vivado/lab7/lab7_2/lab7_2.srcs/sources_1/new/lab7_2.v:2]
INFO: [Synth 8-6157] synthesizing module 'blk_mem_gen_0' [/home/yi/Workspace/Vivado/lab7/lab7_2/lab7_2.runs/synth_1/.Xil/Vivado-112957-YNB/realtime/blk_mem_gen_0_stub.v:6]
INFO: [Synth 8-6155] done synthesizing module 'blk_mem_gen_0' (2#1) [/home/yi/Workspace/Vivado/lab7/lab7_2/lab7_2.runs/synth_1/.Xil/Vivado-112957-YNB/realtime/blk_mem_gen_0_stub.v:6]
INFO: [Synth 8-6157] synthesizing module 'vga_controller' [/home/yi/Workspace/Vivado/lab7/lab7_2/lab7_2.srcs/sources_1/imports/Vivado/VGASampleCode/demo2/vga.v:6]
	Parameter HD bound to: 640 - type: integer 
	Parameter HF bound to: 16 - type: integer 
	Parameter HS bound to: 96 - type: integer 
	Parameter HB bound to: 48 - type: integer 
	Parameter HT bound to: 800 - type: integer 
	Parameter VD bound to: 480 - type: integer 
	Parameter VF bound to: 10 - type: integer 
	Parameter VS bound to: 2 - type: integer 
	Parameter VB bound to: 33 - type: integer 
	Parameter VT bound to: 525 - type: integer 
	Parameter hsync_default bound to: 1'b1 
	Parameter vsync_default bound to: 1'b1 
INFO: [Synth 8-6155] done synthesizing module 'vga_controller' (3#1) [/home/yi/Workspace/Vivado/lab7/lab7_2/lab7_2.srcs/sources_1/imports/Vivado/VGASampleCode/demo2/vga.v:6]
INFO: [Synth 8-6157] synthesizing module 'KeyboardDecoder' [/home/yi/Workspace/Vivado/lab7/lab7_2/lab7_2.srcs/sources_1/imports/Vivado/KeyboardSampleCode/KeyboardDecoder.v:1]
	Parameter INIT bound to: 2'b00 
	Parameter WAIT_FOR_SIGNAL bound to: 2'b01 
	Parameter GET_SIGNAL_DOWN bound to: 2'b10 
	Parameter WAIT_RELEASE bound to: 2'b11 
	Parameter IS_INIT bound to: 8'b10101010 
	Parameter IS_EXTEND bound to: 8'b11100000 
	Parameter IS_BREAK bound to: 8'b11110000 
INFO: [Synth 8-6157] synthesizing module 'KeyboardCtrl_0' [/home/yi/Workspace/Vivado/lab7/lab7_2/lab7_2.runs/synth_1/.Xil/Vivado-112957-YNB/realtime/KeyboardCtrl_0_stub.v:6]
INFO: [Synth 8-6155] done synthesizing module 'KeyboardCtrl_0' (4#1) [/home/yi/Workspace/Vivado/lab7/lab7_2/lab7_2.runs/synth_1/.Xil/Vivado-112957-YNB/realtime/KeyboardCtrl_0_stub.v:6]
INFO: [Synth 8-6157] synthesizing module 'OnePulse' [/home/yi/Workspace/Vivado/lab7/lab7_2/lab7_2.srcs/sources_1/imports/Vivado/KeyboardSampleCode/OnePulse.v:1]
INFO: [Synth 8-6155] done synthesizing module 'OnePulse' (5#1) [/home/yi/Workspace/Vivado/lab7/lab7_2/lab7_2.srcs/sources_1/imports/Vivado/KeyboardSampleCode/OnePulse.v:1]
INFO: [Synth 8-226] default block is never used [/home/yi/Workspace/Vivado/lab7/lab7_2/lab7_2.srcs/sources_1/imports/Vivado/KeyboardSampleCode/KeyboardDecoder.v:64]
INFO: [Synth 8-6155] done synthesizing module 'KeyboardDecoder' (6#1) [/home/yi/Workspace/Vivado/lab7/lab7_2/lab7_2.srcs/sources_1/imports/Vivado/KeyboardSampleCode/KeyboardDecoder.v:1]
INFO: [Synth 8-155] case statement is not full and has no default [/home/yi/Workspace/Vivado/lab7/lab7_2/lab7_2.srcs/sources_1/new/lab7_2.v:157]
INFO: [Synth 8-6155] done synthesizing module 'lab7_2' (7#1) [/home/yi/Workspace/Vivado/lab7/lab7_2/lab7_2.srcs/sources_1/new/lab7_2.v:19]
---------------------------------------------------------------------------------
Finished RTL Elaboration : Time (s): cpu = 00:00:03 ; elapsed = 00:00:03 . Memory (MB): peak = 2317.004 ; gain = 0.000 ; free physical = 774 ; free virtual = 33145
---------------------------------------------------------------------------------
---------------------------------------------------------------------------------
Start Handling Custom Attributes
---------------------------------------------------------------------------------
---------------------------------------------------------------------------------
Finished Handling Custom Attributes : Time (s): cpu = 00:00:03 ; elapsed = 00:00:04 . Memory (MB): peak = 2317.004 ; gain = 0.000 ; free physical = 1511 ; free virtual = 33882
---------------------------------------------------------------------------------
---------------------------------------------------------------------------------
Finished RTL Optimization Phase 1 : Time (s): cpu = 00:00:03 ; elapsed = 00:00:04 . Memory (MB): peak = 2317.004 ; gain = 0.000 ; free physical = 1511 ; free virtual = 33882
---------------------------------------------------------------------------------
Netlist sorting complete. Time (s): cpu = 00:00:00.01 ; elapsed = 00:00:00.01 . Memory (MB): peak = 2317.004 ; gain = 0.000 ; free physical = 1458 ; free virtual = 33829
INFO: [Project 1-570] Preparing netlist for logic optimization

Processing XDC Constraints
Initializing timing engine
Parsing XDC File [/home/yi/Workspace/Vivado/lab7/lab7_2/lab7_2.gen/sources_1/ip/blk_mem_gen_0/blk_mem_gen_0/blk_mem_gen_0_in_context.xdc] for cell 'blk_mem_gen_0_inst'
Finished Parsing XDC File [/home/yi/Workspace/Vivado/lab7/lab7_2/lab7_2.gen/sources_1/ip/blk_mem_gen_0/blk_mem_gen_0/blk_mem_gen_0_in_context.xdc] for cell 'blk_mem_gen_0_inst'
Parsing XDC File [/home/yi/Workspace/Vivado/lab7/lab7_2/lab7_2.gen/sources_1/ip/KeyboardCtrl_0/KeyboardCtrl_0/KeyboardCtrl_0_in_context.xdc] for cell 'key_de/inst'
Finished Parsing XDC File [/home/yi/Workspace/Vivado/lab7/lab7_2/lab7_2.gen/sources_1/ip/KeyboardCtrl_0/KeyboardCtrl_0/KeyboardCtrl_0_in_context.xdc] for cell 'key_de/inst'
Parsing XDC File [/home/yi/Workspace/Vivado/lab7/lab7_2/lab7_2.srcs/constrs_1/new/lab7_2.xdc]
Finished Parsing XDC File [/home/yi/Workspace/Vivado/lab7/lab7_2/lab7_2.srcs/constrs_1/new/lab7_2.xdc]
INFO: [Project 1-236] Implementation specific constraints were found while reading constraint file [/home/yi/Workspace/Vivado/lab7/lab7_2/lab7_2.srcs/constrs_1/new/lab7_2.xdc]. These constraints will be ignored for synthesis but will be used in implementation. Impacted constraints are listed in the file [.Xil/lab7_2_propImpl.xdc].
Resolution: To avoid this warning, move constraints listed in [.Xil/lab7_2_propImpl.xdc] to another XDC file and exclude this new file from synthesis with the used_in_synthesis property (File Properties dialog in GUI) and re-run elaboration/synthesis.
Completed Processing XDC Constraints

Netlist sorting complete. Time (s): cpu = 00:00:00 ; elapsed = 00:00:00 . Memory (MB): peak = 2380.867 ; gain = 0.000 ; free physical = 1331 ; free virtual = 33712
INFO: [Project 1-111] Unisim Transformation Summary:
No Unisim elements were transformed.

Constraint Validation Runtime : Time (s): cpu = 00:00:00.01 ; elapsed = 00:00:00.01 . Memory (MB): peak = 2380.867 ; gain = 0.000 ; free physical = 1331 ; free virtual = 33712
---------------------------------------------------------------------------------
Finished Constraint Validation : Time (s): cpu = 00:00:07 ; elapsed = 00:00:08 . Memory (MB): peak = 2380.867 ; gain = 63.863 ; free physical = 1460 ; free virtual = 33844
---------------------------------------------------------------------------------
---------------------------------------------------------------------------------
Start Loading Part and Timing Information
---------------------------------------------------------------------------------
Loading part: xc7a35tcpg236-1
---------------------------------------------------------------------------------
Finished Loading Part and Timing Information : Time (s): cpu = 00:00:07 ; elapsed = 00:00:08 . Memory (MB): peak = 2380.867 ; gain = 63.863 ; free physical = 1460 ; free virtual = 33844
---------------------------------------------------------------------------------
---------------------------------------------------------------------------------
Start Applying 'set_property' XDC Constraints
---------------------------------------------------------------------------------
Applied set_property IO_BUFFER_TYPE = NONE for PS2_CLK. (constraint file  /home/yi/Workspace/Vivado/lab7/lab7_2/lab7_2.gen/sources_1/ip/KeyboardCtrl_0/KeyboardCtrl_0/KeyboardCtrl_0_in_context.xdc, line 1).
Applied set_property CLOCK_BUFFER_TYPE = NONE for PS2_CLK. (constraint file  /home/yi/Workspace/Vivado/lab7/lab7_2/lab7_2.gen/sources_1/ip/KeyboardCtrl_0/KeyboardCtrl_0/KeyboardCtrl_0_in_context.xdc, line 2).
Applied set_property IO_BUFFER_TYPE = NONE for PS2_DATA. (constraint file  /home/yi/Workspace/Vivado/lab7/lab7_2/lab7_2.gen/sources_1/ip/KeyboardCtrl_0/KeyboardCtrl_0/KeyboardCtrl_0_in_context.xdc, line 3).
Applied set_property CLOCK_BUFFER_TYPE = NONE for PS2_DATA. (constraint file  /home/yi/Workspace/Vivado/lab7/lab7_2/lab7_2.gen/sources_1/ip/KeyboardCtrl_0/KeyboardCtrl_0/KeyboardCtrl_0_in_context.xdc, line 4).
Applied set_property KEEP_HIERARCHY = SOFT for blk_mem_gen_0_inst. (constraint file  auto generated constraint).
Applied set_property KEEP_HIERARCHY = SOFT for key_de/inst. (constraint file  auto generated constraint).
---------------------------------------------------------------------------------
Finished applying 'set_property' XDC Constraints : Time (s): cpu = 00:00:07 ; elapsed = 00:00:08 . Memory (MB): peak = 2380.867 ; gain = 63.863 ; free physical = 1460 ; free virtual = 33844
---------------------------------------------------------------------------------
INFO: [Synth 8-802] inferred FSM for state register 'state_reg' in module 'KeyboardDecoder'
---------------------------------------------------------------------------------------------------
                   State |                     New Encoding |                Previous Encoding 
---------------------------------------------------------------------------------------------------
                    INIT |                               00 |                               00
         WAIT_FOR_SIGNAL |                               01 |                               01
         GET_SIGNAL_DOWN |                               10 |                               10
            WAIT_RELEASE |                               11 |                               11
---------------------------------------------------------------------------------------------------
INFO: [Synth 8-3354] encoded FSM with state register 'state_reg' using encoding 'sequential' in module 'KeyboardDecoder'
---------------------------------------------------------------------------------
Finished RTL Optimization Phase 2 : Time (s): cpu = 00:00:07 ; elapsed = 00:00:08 . Memory (MB): peak = 2380.867 ; gain = 63.863 ; free physical = 1447 ; free virtual = 33833
---------------------------------------------------------------------------------
---------------------------------------------------------------------------------
Start RTL Component Statistics 
---------------------------------------------------------------------------------
Detailed RTL Component Info : 
+---Adders : 
	   3 Input   17 Bit       Adders := 2     
	   2 Input   17 Bit       Adders := 2     
	   2 Input   10 Bit       Adders := 2     
	   2 Input    2 Bit       Adders := 12    
+---Registers : 
	              512 Bit    Registers := 1     
	               12 Bit    Registers := 1     
	               10 Bit    Registers := 3     
	                2 Bit    Registers := 12    
	                1 Bit    Registers := 11    
+---Muxes : 
	   2 Input  512 Bit        Muxes := 1     
	   4 Input   17 Bit        Muxes := 3     
	   2 Input   17 Bit        Muxes := 1     
	  15 Input   12 Bit        Muxes := 1     
	   2 Input   12 Bit        Muxes := 2     
	   2 Input   10 Bit        Muxes := 2     
	   4 Input   10 Bit        Muxes := 1     
	   4 Input    2 Bit        Muxes := 1     
	   2 Input    2 Bit        Muxes := 15    
	   2 Input    1 Bit        Muxes := 12    
	   4 Input    1 Bit        Muxes := 7     
	  15 Input    1 Bit        Muxes := 2     
---------------------------------------------------------------------------------
Finished RTL Component Statistics 
---------------------------------------------------------------------------------
---------------------------------------------------------------------------------
Start Part Resource Summary
---------------------------------------------------------------------------------
Part Resources:
DSPs: 90 (col length:60)
BRAMs: 100 (col length: RAMB18 60 RAMB36 30)
---------------------------------------------------------------------------------
Finished Part Resource Summary
---------------------------------------------------------------------------------
---------------------------------------------------------------------------------
Start Cross Boundary and Area Optimization
---------------------------------------------------------------------------------
DSP Report: Generating DSP pixel_addr2, operation Mode is: (A:0x50)*B.
DSP Report: operator pixel_addr2 is absorbed into DSP pixel_addr2.
DSP Report: Generating DSP p_0_out, operation Mode is: (D+A)*(B:0x140).
DSP Report: operator p_0_out is absorbed into DSP p_0_out.
DSP Report: operator p_0_out is absorbed into DSP p_0_out.
DSP Report: Generating DSP p_1_out, operation Mode is: PCIN+(A:0x0):B.
DSP Report: operator p_1_out is absorbed into DSP p_1_out.
DSP Report: Generating DSP pixel_addr0, operation Mode is: PCIN+(D+A)*(B:0x140).
DSP Report: operator pixel_addr0 is absorbed into DSP pixel_addr0.
DSP Report: operator pixel_addr2 is absorbed into DSP pixel_addr0.
DSP Report: operator pixel_addr3 is absorbed into DSP pixel_addr0.
---------------------------------------------------------------------------------
Finished Cross Boundary and Area Optimization : Time (s): cpu = 00:00:10 ; elapsed = 00:00:11 . Memory (MB): peak = 2380.867 ; gain = 63.863 ; free physical = 1413 ; free virtual = 33803
---------------------------------------------------------------------------------
---------------------------------------------------------------------------------
Start ROM, RAM, DSP, Shift Register and Retiming Reporting
---------------------------------------------------------------------------------

DSP: Preliminary Mapping	Report (see note below)
+------------+----------------------+--------+--------+--------+--------+--------+------+------+------+------+-------+------+------+
|Module Name | DSP Mapping          | A Size | B Size | C Size | D Size | P Size | AREG | BREG | CREG | DREG | ADREG | MREG | PREG | 
+------------+----------------------+--------+--------+--------+--------+--------+------+------+------+------+-------+------+------+
|lab7_2      | (A:0x50)*B           | 3      | 7      | -      | -      | 10     | 0    | 0    | -    | -    | -     | 0    | 0    | 
|lab7_2      | (D+A)*(B:0x140)      | 10     | 9      | -      | 17     | 26     | 0    | 0    | -    | 0    | 0     | 0    | 0    | 
|lab7_2      | PCIN+(A:0x0):B       | 30     | 10     | -      | -      | -1     | 0    | 0    | -    | -    | -     | 0    | 0    | 
|lab7_2      | PCIN+(D+A)*(B:0x140) | 17     | 9      | -      | 10     | 17     | 0    | 0    | -    | 0    | 0     | 0    | 0    | 
+------------+----------------------+--------+--------+--------+--------+--------+------+------+------+------+-------+------+------+

Note: The table above is a preliminary report that shows the DSPs inferred at the current stage of the synthesis flow. Some DSP may be reimplemented as non DSP primitives later in the synthesis flow. Multiple instantiated DSPs are reported only once.
---------------------------------------------------------------------------------
Finished ROM, RAM, DSP, Shift Register and Retiming Reporting
---------------------------------------------------------------------------------
---------------------------------------------------------------------------------
Start Applying XDC Timing Constraints
---------------------------------------------------------------------------------
---------------------------------------------------------------------------------
Finished Applying XDC Timing Constraints : Time (s): cpu = 00:00:14 ; elapsed = 00:00:15 . Memory (MB): peak = 2380.867 ; gain = 63.863 ; free physical = 1259 ; free virtual = 33656
---------------------------------------------------------------------------------
---------------------------------------------------------------------------------
Start Timing Optimization
---------------------------------------------------------------------------------
---------------------------------------------------------------------------------
Finished Timing Optimization : Time (s): cpu = 00:00:15 ; elapsed = 00:00:16 . Memory (MB): peak = 2380.867 ; gain = 63.863 ; free physical = 1227 ; free virtual = 33624
---------------------------------------------------------------------------------
---------------------------------------------------------------------------------
Start Technology Mapping
---------------------------------------------------------------------------------
---------------------------------------------------------------------------------
Finished Technology Mapping : Time (s): cpu = 00:00:15 ; elapsed = 00:00:16 . Memory (MB): peak = 2380.867 ; gain = 63.863 ; free physical = 1227 ; free virtual = 33624
---------------------------------------------------------------------------------
---------------------------------------------------------------------------------
Start IO Insertion
---------------------------------------------------------------------------------
---------------------------------------------------------------------------------
Start Flattening Before IO Insertion
---------------------------------------------------------------------------------
---------------------------------------------------------------------------------
Finished Flattening Before IO Insertion
---------------------------------------------------------------------------------
---------------------------------------------------------------------------------
Start Final Netlist Cleanup
---------------------------------------------------------------------------------
---------------------------------------------------------------------------------
Finished Final Netlist Cleanup
---------------------------------------------------------------------------------
CRITICAL WARNING: [Synth 8-4442] BlackBox module blk_mem_gen_0_inst has unconnected pin dina[11]
CRITICAL WARNING: [Synth 8-4442] BlackBox module blk_mem_gen_0_inst has unconnected pin dina[10]
CRITICAL WARNING: [Synth 8-4442] BlackBox module blk_mem_gen_0_inst has unconnected pin dina[9]
CRITICAL WARNING: [Synth 8-4442] BlackBox module blk_mem_gen_0_inst has unconnected pin dina[8]
CRITICAL WARNING: [Synth 8-4442] BlackBox module blk_mem_gen_0_inst has unconnected pin dina[7]
CRITICAL WARNING: [Synth 8-4442] BlackBox module blk_mem_gen_0_inst has unconnected pin dina[6]
CRITICAL WARNING: [Synth 8-4442] BlackBox module blk_mem_gen_0_inst has unconnected pin dina[5]
CRITICAL WARNING: [Synth 8-4442] BlackBox module blk_mem_gen_0_inst has unconnected pin dina[4]
CRITICAL WARNING: [Synth 8-4442] BlackBox module blk_mem_gen_0_inst has unconnected pin dina[3]
CRITICAL WARNING: [Synth 8-4442] BlackBox module blk_mem_gen_0_inst has unconnected pin dina[2]
CRITICAL WARNING: [Synth 8-4442] BlackBox module blk_mem_gen_0_inst has unconnected pin dina[1]
CRITICAL WARNING: [Synth 8-4442] BlackBox module blk_mem_gen_0_inst has unconnected pin dina[0]
---------------------------------------------------------------------------------
Finished IO Insertion : Time (s): cpu = 00:00:17 ; elapsed = 00:00:18 . Memory (MB): peak = 2380.867 ; gain = 63.863 ; free physical = 1225 ; free virtual = 33623
---------------------------------------------------------------------------------
---------------------------------------------------------------------------------
Start Renaming Generated Instances
---------------------------------------------------------------------------------
---------------------------------------------------------------------------------
Finished Renaming Generated Instances : Time (s): cpu = 00:00:17 ; elapsed = 00:00:18 . Memory (MB): peak = 2380.867 ; gain = 63.863 ; free physical = 1225 ; free virtual = 33623
---------------------------------------------------------------------------------
---------------------------------------------------------------------------------
Start Rebuilding User Hierarchy
---------------------------------------------------------------------------------
---------------------------------------------------------------------------------
Finished Rebuilding User Hierarchy : Time (s): cpu = 00:00:17 ; elapsed = 00:00:18 . Memory (MB): peak = 2380.867 ; gain = 63.863 ; free physical = 1224 ; free virtual = 33622
---------------------------------------------------------------------------------
---------------------------------------------------------------------------------
Start Renaming Generated Ports
---------------------------------------------------------------------------------
---------------------------------------------------------------------------------
Finished Renaming Generated Ports : Time (s): cpu = 00:00:17 ; elapsed = 00:00:18 . Memory (MB): peak = 2380.867 ; gain = 63.863 ; free physical = 1224 ; free virtual = 33621
---------------------------------------------------------------------------------
---------------------------------------------------------------------------------
Start Handling Custom Attributes
---------------------------------------------------------------------------------
---------------------------------------------------------------------------------
Finished Handling Custom Attributes : Time (s): cpu = 00:00:17 ; elapsed = 00:00:18 . Memory (MB): peak = 2380.867 ; gain = 63.863 ; free physical = 1223 ; free virtual = 33621
---------------------------------------------------------------------------------
---------------------------------------------------------------------------------
Start Renaming Generated Nets
---------------------------------------------------------------------------------
---------------------------------------------------------------------------------
Finished Renaming Generated Nets : Time (s): cpu = 00:00:17 ; elapsed = 00:00:18 . Memory (MB): peak = 2380.867 ; gain = 63.863 ; free physical = 1223 ; free virtual = 33621
---------------------------------------------------------------------------------
---------------------------------------------------------------------------------
Start Writing Synthesis Report
---------------------------------------------------------------------------------

Report BlackBoxes: 
+------+---------------+----------+
|      |BlackBox name  |Instances |
+------+---------------+----------+
|1     |blk_mem_gen_0  |         1|
|2     |KeyboardCtrl_0 |         1|
+------+---------------+----------+

Report Cell Usage: 
+------+-------------+------+
|      |Cell         |Count |
+------+-------------+------+
|1     |KeyboardCtrl |     1|
|2     |blk_mem_gen  |     1|
|3     |BUFG         |     1|
|4     |CARRY4       |    34|
|5     |DSP48E1      |     4|
|8     |LUT1         |    25|
|9     |LUT2         |    39|
|10    |LUT3         |    21|
|11    |LUT4         |    56|
|12    |LUT5         |    99|
|13    |LUT6         |   103|
|14    |FDCE         |    57|
|15    |FDPE         |    12|
|16    |FDRE         |    24|
|17    |FDSE         |     2|
|18    |IBUF         |     3|
|19    |OBUF         |    15|
+------+-------------+------+
---------------------------------------------------------------------------------
Finished Writing Synthesis Report : Time (s): cpu = 00:00:17 ; elapsed = 00:00:18 . Memory (MB): peak = 2380.867 ; gain = 63.863 ; free physical = 1222 ; free virtual = 33620
---------------------------------------------------------------------------------
Synthesis finished with 0 errors, 12 critical warnings and 0 warnings.
Synthesis Optimization Runtime : Time (s): cpu = 00:00:15 ; elapsed = 00:00:17 . Memory (MB): peak = 2380.867 ; gain = 0.000 ; free physical = 1289 ; free virtual = 33687
Synthesis Optimization Complete : Time (s): cpu = 00:00:17 ; elapsed = 00:00:18 . Memory (MB): peak = 2380.867 ; gain = 63.863 ; free physical = 1289 ; free virtual = 33687
INFO: [Project 1-571] Translating synthesized netlist
Netlist sorting complete. Time (s): cpu = 00:00:00.01 ; elapsed = 00:00:00 . Memory (MB): peak = 2380.867 ; gain = 0.000 ; free physical = 1375 ; free virtual = 33773
INFO: [Netlist 29-17] Analyzing 38 Unisim elements for replacement
INFO: [Netlist 29-28] Unisim Transformation completed in 0 CPU seconds
INFO: [Project 1-570] Preparing netlist for logic optimization
INFO: [Opt 31-138] Pushed 0 inverter(s) to 0 load pin(s).
Netlist sorting complete. Time (s): cpu = 00:00:00 ; elapsed = 00:00:00 . Memory (MB): peak = 2380.867 ; gain = 0.000 ; free physical = 1323 ; free virtual = 33720
INFO: [Project 1-111] Unisim Transformation Summary:
No Unisim elements were transformed.

INFO: [Common 17-83] Releasing license: Synthesis
36 Infos, 0 Warnings, 12 Critical Warnings and 0 Errors encountered.
synth_design completed successfully
synth_design: Time (s): cpu = 00:00:23 ; elapsed = 00:00:21 . Memory (MB): peak = 2380.867 ; gain = 64.031 ; free physical = 1392 ; free virtual = 33789
INFO: [runtcl-6] Synthesis results are not added to the cache due to CRITICAL_WARNING
INFO: [Common 17-1381] The checkpoint '/home/yi/Workspace/Vivado/lab7/lab7_2/lab7_2.runs/synth_1/lab7_2.dcp' has been generated.
INFO: [runtcl-4] Executing : report_utilization -file lab7_2_utilization_synth.rpt -pb lab7_2_utilization_synth.pb
INFO: [Common 17-206] Exiting Vivado at Thu Dec  2 02:11:34 2021...
