
*** Running vivado
    with args -log tetris.vdi -applog -m64 -product Vivado -messageDb vivado.pb -mode batch -source tetris.tcl -notrace


****** Vivado v2020.2 (64-bit)
  **** SW Build 3064766 on Wed Nov 18 09:12:47 MST 2020
  **** IP Build 3064653 on Wed Nov 18 14:17:31 MST 2020
    ** Copyright 1986-2020 Xilinx, Inc. All Rights Reserved.

source tetris.tcl -notrace
INFO: [IP_Flow 19-234] Refreshing IP repositories
INFO: [IP_Flow 19-1700] Loaded user IP repository '/home/yi/Workspace/Vivado/KeyboardSampleCode/ip'.
INFO: [IP_Flow 19-2313] Loaded Vivado IP repository '/opt/Xilinx/Vivado/2020.2/data/ip'.
Command: link_design -top tetris -part xc7a35tcpg236-1
Design is defaulting to srcset: sources_1
Design is defaulting to constrset: constrs_1
INFO: [Device 21-403] Loading part xc7a35tcpg236-1
INFO: [Project 1-454] Reading design checkpoint '/home/yi/Workspace/Vivado/Tetris/Tetris.gen/sources_1/ip/KeyboardCtrl_0/KeyboardCtrl_0.dcp' for cell 'keypress_controller_inst/key_de/inst'
Netlist sorting complete. Time (s): cpu = 00:00:00.01 ; elapsed = 00:00:00 . Memory (MB): peak = 2313.082 ; gain = 0.000 ; free physical = 5152 ; free virtual = 28274
INFO: [Netlist 29-17] Analyzing 50 Unisim elements for replacement
INFO: [Netlist 29-28] Unisim Transformation completed in 0 CPU seconds
INFO: [Project 1-479] Netlist was created with Vivado 2020.2
INFO: [Project 1-570] Preparing netlist for logic optimization
Parsing XDC File [/home/yi/Workspace/Vivado/Tetris/Tetris.srcs/constrs_1/new/tetris.xdc]
Finished Parsing XDC File [/home/yi/Workspace/Vivado/Tetris/Tetris.srcs/constrs_1/new/tetris.xdc]
INFO: [Opt 31-138] Pushed 0 inverter(s) to 0 load pin(s).
Netlist sorting complete. Time (s): cpu = 00:00:00 ; elapsed = 00:00:00 . Memory (MB): peak = 2368.883 ; gain = 0.000 ; free physical = 5032 ; free virtual = 28156
INFO: [Project 1-111] Unisim Transformation Summary:
  A total of 2 instances were transformed.
  IOBUF => IOBUF (IBUF, OBUFT): 2 instances

11 Infos, 0 Warnings, 0 Critical Warnings and 0 Errors encountered.
link_design completed successfully
Command: opt_design
Attempting to get a license for feature 'Implementation' and/or device 'xc7a35t'
INFO: [Common 17-349] Got license for feature 'Implementation' and/or device 'xc7a35t'
Running DRC as a precondition to command opt_design

Starting DRC Task
INFO: [DRC 23-27] Running DRC with 8 threads
INFO: [Project 1-461] DRC finished with 0 Errors
INFO: [Project 1-462] Please refer to the DRC report (report_drc) for more information.

Time (s): cpu = 00:00:00.94 ; elapsed = 00:00:00.57 . Memory (MB): peak = 2432.914 ; gain = 64.031 ; free physical = 5020 ; free virtual = 28143

Starting Cache Timing Information Task
INFO: [Timing 38-35] Done setting XDC timing constraints.
Ending Cache Timing Information Task | Checksum: fad9361a

Time (s): cpu = 00:00:04 ; elapsed = 00:00:04 . Memory (MB): peak = 2570.727 ; gain = 137.812 ; free physical = 4606 ; free virtual = 27730

Starting Logic Optimization Task

Phase 1 Retarget
INFO: [Opt 31-138] Pushed 0 inverter(s) to 0 load pin(s).
INFO: [Opt 31-49] Retargeted 0 cell(s).
Phase 1 Retarget | Checksum: fad9361a

Time (s): cpu = 00:00:00.04 ; elapsed = 00:00:00.02 . Memory (MB): peak = 2741.664 ; gain = 0.000 ; free physical = 4448 ; free virtual = 27570
INFO: [Opt 31-389] Phase Retarget created 0 cells and removed 0 cells

Phase 2 Constant propagation
INFO: [Opt 31-138] Pushed 0 inverter(s) to 0 load pin(s).
Phase 2 Constant propagation | Checksum: 771e94f5

Time (s): cpu = 00:00:00.05 ; elapsed = 00:00:00.03 . Memory (MB): peak = 2741.664 ; gain = 0.000 ; free physical = 4448 ; free virtual = 27570
INFO: [Opt 31-389] Phase Constant propagation created 0 cells and removed 0 cells

Phase 3 Sweep
Phase 3 Sweep | Checksum: 5821781b

Time (s): cpu = 00:00:00.05 ; elapsed = 00:00:00.04 . Memory (MB): peak = 2741.664 ; gain = 0.000 ; free physical = 4448 ; free virtual = 27570
INFO: [Opt 31-389] Phase Sweep created 0 cells and removed 0 cells

Phase 4 BUFG optimization
Phase 4 BUFG optimization | Checksum: 5821781b

Time (s): cpu = 00:00:00.06 ; elapsed = 00:00:00.04 . Memory (MB): peak = 2741.664 ; gain = 0.000 ; free physical = 4448 ; free virtual = 27570
INFO: [Opt 31-662] Phase BUFG optimization created 0 cells of which 0 are BUFGs and removed 0 cells.

Phase 5 Shift Register Optimization
INFO: [Opt 31-1064] SRL Remap converted 0 SRLs to 0 registers and converted 0 registers of register chains to 0 SRLs
Phase 5 Shift Register Optimization | Checksum: 5821781b

Time (s): cpu = 00:00:00.06 ; elapsed = 00:00:00.05 . Memory (MB): peak = 2741.664 ; gain = 0.000 ; free physical = 4448 ; free virtual = 27570
INFO: [Opt 31-389] Phase Shift Register Optimization created 0 cells and removed 0 cells

Phase 6 Post Processing Netlist
Phase 6 Post Processing Netlist | Checksum: 5821781b

Time (s): cpu = 00:00:00.06 ; elapsed = 00:00:00.05 . Memory (MB): peak = 2741.664 ; gain = 0.000 ; free physical = 4448 ; free virtual = 27570
INFO: [Opt 31-389] Phase Post Processing Netlist created 0 cells and removed 0 cells
Opt_design Change Summary
=========================


-------------------------------------------------------------------------------------------------------------------------
|  Phase                        |  #Cells created  |  #Cells Removed  |  #Constrained objects preventing optimizations  |
-------------------------------------------------------------------------------------------------------------------------
|  Retarget                     |               0  |               0  |                                              0  |
|  Constant propagation         |               0  |               0  |                                              0  |
|  Sweep                        |               0  |               0  |                                              0  |
|  BUFG optimization            |               0  |               0  |                                              0  |
|  Shift Register Optimization  |               0  |               0  |                                              0  |
|  Post Processing Netlist      |               0  |               0  |                                              0  |
-------------------------------------------------------------------------------------------------------------------------



Starting Connectivity Check Task

Time (s): cpu = 00:00:00.02 ; elapsed = 00:00:00 . Memory (MB): peak = 2741.664 ; gain = 0.000 ; free physical = 4448 ; free virtual = 27570
Ending Logic Optimization Task | Checksum: 1bcf2005f

Time (s): cpu = 00:00:00.14 ; elapsed = 00:00:00.06 . Memory (MB): peak = 2741.664 ; gain = 0.000 ; free physical = 4448 ; free virtual = 27570

Starting Power Optimization Task
INFO: [Pwropt 34-132] Skipping clock gating for clocks with a period < 2.00 ns.
Ending Power Optimization Task | Checksum: 1bcf2005f

Time (s): cpu = 00:00:00.01 ; elapsed = 00:00:00 . Memory (MB): peak = 2741.664 ; gain = 0.000 ; free physical = 4448 ; free virtual = 27570

Starting Final Cleanup Task
Ending Final Cleanup Task | Checksum: 1bcf2005f

Time (s): cpu = 00:00:00 ; elapsed = 00:00:00 . Memory (MB): peak = 2741.664 ; gain = 0.000 ; free physical = 4448 ; free virtual = 27570

Starting Netlist Obfuscation Task
Netlist sorting complete. Time (s): cpu = 00:00:00 ; elapsed = 00:00:00 . Memory (MB): peak = 2741.664 ; gain = 0.000 ; free physical = 4448 ; free virtual = 27570
Ending Netlist Obfuscation Task | Checksum: 1bcf2005f

Time (s): cpu = 00:00:00 ; elapsed = 00:00:00 . Memory (MB): peak = 2741.664 ; gain = 0.000 ; free physical = 4448 ; free virtual = 27570
INFO: [Common 17-83] Releasing license: Implementation
28 Infos, 0 Warnings, 0 Critical Warnings and 0 Errors encountered.
opt_design completed successfully
opt_design: Time (s): cpu = 00:00:06 ; elapsed = 00:00:06 . Memory (MB): peak = 2741.664 ; gain = 372.781 ; free physical = 4448 ; free virtual = 27570
INFO: [Timing 38-480] Writing timing data to binary archive.
Writing placer database...
Writing XDEF routing.
Writing XDEF routing logical nets.
Writing XDEF routing special nets.
Write XDEF Complete: Time (s): cpu = 00:00:00.02 ; elapsed = 00:00:00.01 . Memory (MB): peak = 2781.684 ; gain = 0.000 ; free physical = 4447 ; free virtual = 27570
INFO: [Common 17-1381] The checkpoint '/home/yi/Workspace/Vivado/Tetris/Tetris.runs/impl_1/tetris_opt.dcp' has been generated.
INFO: [runtcl-4] Executing : report_drc -file tetris_drc_opted.rpt -pb tetris_drc_opted.pb -rpx tetris_drc_opted.rpx
Command: report_drc -file tetris_drc_opted.rpt -pb tetris_drc_opted.pb -rpx tetris_drc_opted.rpx
INFO: [IP_Flow 19-1839] IP Catalog is up to date.
INFO: [Timing 38-35] Done setting XDC timing constraints.
INFO: [DRC 23-27] Running DRC with 8 threads
INFO: [Coretcl 2-168] The results of DRC are in file /home/yi/Workspace/Vivado/Tetris/Tetris.runs/impl_1/tetris_drc_opted.rpt.
report_drc completed successfully
Command: place_design
Attempting to get a license for feature 'Implementation' and/or device 'xc7a35t'
INFO: [Common 17-349] Got license for feature 'Implementation' and/or device 'xc7a35t'
INFO: [DRC 23-27] Running DRC with 8 threads
INFO: [Vivado_Tcl 4-198] DRC finished with 0 Errors
INFO: [Vivado_Tcl 4-199] Please refer to the DRC report (report_drc) for more information.
Running DRC as a precondition to command place_design
INFO: [DRC 23-27] Running DRC with 8 threads
INFO: [Vivado_Tcl 4-198] DRC finished with 0 Errors
INFO: [Vivado_Tcl 4-199] Please refer to the DRC report (report_drc) for more information.

Starting Placer Task
INFO: [Place 30-611] Multithreading enabled for place_design using a maximum of 8 CPUs

Phase 1 Placer Initialization

Phase 1.1 Placer Initialization Netlist Sorting
Netlist sorting complete. Time (s): cpu = 00:00:00.01 ; elapsed = 00:00:00 . Memory (MB): peak = 2969.906 ; gain = 0.000 ; free physical = 4388 ; free virtual = 27509
Phase 1.1 Placer Initialization Netlist Sorting | Checksum: e607281c

Time (s): cpu = 00:00:00.01 ; elapsed = 00:00:00.01 . Memory (MB): peak = 2969.906 ; gain = 0.000 ; free physical = 4388 ; free virtual = 27509
Netlist sorting complete. Time (s): cpu = 00:00:00 ; elapsed = 00:00:00 . Memory (MB): peak = 2969.906 ; gain = 0.000 ; free physical = 4388 ; free virtual = 27509

Phase 1.2 IO Placement/ Clock Placement/ Build Placer Device
Phase 1.2 IO Placement/ Clock Placement/ Build Placer Device | Checksum: 142b3e42a

Time (s): cpu = 00:00:00.35 ; elapsed = 00:00:00.12 . Memory (MB): peak = 2969.906 ; gain = 0.000 ; free physical = 4415 ; free virtual = 27536

Phase 1.3 Build Placer Netlist Model
Phase 1.3 Build Placer Netlist Model | Checksum: 239e263b6

Time (s): cpu = 00:00:00.67 ; elapsed = 00:00:00.22 . Memory (MB): peak = 2969.906 ; gain = 0.000 ; free physical = 4431 ; free virtual = 27552

Phase 1.4 Constrain Clocks/Macros
Phase 1.4 Constrain Clocks/Macros | Checksum: 239e263b6

Time (s): cpu = 00:00:00.67 ; elapsed = 00:00:00.22 . Memory (MB): peak = 2969.906 ; gain = 0.000 ; free physical = 4431 ; free virtual = 27552
Phase 1 Placer Initialization | Checksum: 239e263b6

Time (s): cpu = 00:00:00.67 ; elapsed = 00:00:00.22 . Memory (MB): peak = 2969.906 ; gain = 0.000 ; free physical = 4431 ; free virtual = 27552

Phase 2 Global Placement

Phase 2.1 Floorplanning
Phase 2.1 Floorplanning | Checksum: 156387276

Time (s): cpu = 00:00:00.83 ; elapsed = 00:00:00.25 . Memory (MB): peak = 2969.906 ; gain = 0.000 ; free physical = 4426 ; free virtual = 27547

Phase 2.2 Update Timing before SLR Path Opt
Phase 2.2 Update Timing before SLR Path Opt | Checksum: 14d29384e

Time (s): cpu = 00:00:00.94 ; elapsed = 00:00:00.27 . Memory (MB): peak = 2969.906 ; gain = 0.000 ; free physical = 4427 ; free virtual = 27547

Phase 2.3 Global Placement Core

Phase 2.3.1 Physical Synthesis In Placer
INFO: [Physopt 32-1035] Found 0 LUTNM shape to break, 25 LUT instances to create LUTNM shape
INFO: [Physopt 32-1044] Break lutnm for timing: one critical 0, two critical 0, total 0, new lutff created 0
INFO: [Physopt 32-775] End 1 Pass. Optimized 9 nets or cells. Created 0 new cell, deleted 9 existing cells and moved 0 existing cell
INFO: [Physopt 32-65] No nets found for high-fanout optimization.
INFO: [Physopt 32-232] Optimized 0 net. Created 0 new instance.
INFO: [Physopt 32-775] End 1 Pass. Optimized 0 net or cell. Created 0 new cell, deleted 0 existing cell and moved 0 existing cell
INFO: [Physopt 32-670] No setup violation found.  DSP Register Optimization was not performed.
INFO: [Physopt 32-670] No setup violation found.  Shift Register to Pipeline Optimization was not performed.
INFO: [Physopt 32-670] No setup violation found.  Shift Register Optimization was not performed.
INFO: [Physopt 32-670] No setup violation found.  BRAM Register Optimization was not performed.
INFO: [Physopt 32-670] No setup violation found.  URAM Register Optimization was not performed.
INFO: [Physopt 32-949] No candidate nets found for dynamic/static region interface net replication
INFO: [Physopt 32-775] End 1 Pass. Optimized 0 net or cell. Created 0 new cell, deleted 0 existing cell and moved 0 existing cell
Netlist sorting complete. Time (s): cpu = 00:00:00 ; elapsed = 00:00:00 . Memory (MB): peak = 2969.906 ; gain = 0.000 ; free physical = 4415 ; free virtual = 27537

Summary of Physical Synthesis Optimizations
============================================


-----------------------------------------------------------------------------------------------------------------------------------------------------------
|  Optimization                                     |  Added Cells  |  Removed Cells  |  Optimized Cells/Nets  |  Dont Touch  |  Iterations  |  Elapsed   |
-----------------------------------------------------------------------------------------------------------------------------------------------------------
|  LUT Combining                                    |            0  |              9  |                     9  |           0  |           1  |  00:00:00  |
|  Very High Fanout                                 |            0  |              0  |                     0  |           0  |           1  |  00:00:00  |
|  DSP Register                                     |            0  |              0  |                     0  |           0  |           0  |  00:00:00  |
|  Shift Register to Pipeline                       |            0  |              0  |                     0  |           0  |           0  |  00:00:00  |
|  Shift Register                                   |            0  |              0  |                     0  |           0  |           0  |  00:00:00  |
|  BRAM Register                                    |            0  |              0  |                     0  |           0  |           0  |  00:00:00  |
|  URAM Register                                    |            0  |              0  |                     0  |           0  |           0  |  00:00:00  |
|  Dynamic/Static Region Interface Net Replication  |            0  |              0  |                     0  |           0  |           1  |  00:00:00  |
|  Total                                            |            0  |              9  |                     9  |           0  |           3  |  00:00:00  |
-----------------------------------------------------------------------------------------------------------------------------------------------------------


Phase 2.3.1 Physical Synthesis In Placer | Checksum: 1f343b8ad

Time (s): cpu = 00:00:03 ; elapsed = 00:00:00.97 . Memory (MB): peak = 2969.906 ; gain = 0.000 ; free physical = 4414 ; free virtual = 27537
Phase 2.3 Global Placement Core | Checksum: 2035f8d46

Time (s): cpu = 00:00:03 ; elapsed = 00:00:01 . Memory (MB): peak = 2969.906 ; gain = 0.000 ; free physical = 4414 ; free virtual = 27537
Phase 2 Global Placement | Checksum: 2035f8d46

Time (s): cpu = 00:00:03 ; elapsed = 00:00:01 . Memory (MB): peak = 2969.906 ; gain = 0.000 ; free physical = 4414 ; free virtual = 27537

Phase 3 Detail Placement

Phase 3.1 Commit Multi Column Macros
Phase 3.1 Commit Multi Column Macros | Checksum: 181de3715

Time (s): cpu = 00:00:04 ; elapsed = 00:00:01 . Memory (MB): peak = 2969.906 ; gain = 0.000 ; free physical = 4414 ; free virtual = 27537

Phase 3.2 Commit Most Macros & LUTRAMs
Phase 3.2 Commit Most Macros & LUTRAMs | Checksum: 14cc84ce2

Time (s): cpu = 00:00:04 ; elapsed = 00:00:01 . Memory (MB): peak = 2969.906 ; gain = 0.000 ; free physical = 4414 ; free virtual = 27537

Phase 3.3 Area Swap Optimization
Phase 3.3 Area Swap Optimization | Checksum: 242f0ed83

Time (s): cpu = 00:00:04 ; elapsed = 00:00:01 . Memory (MB): peak = 2969.906 ; gain = 0.000 ; free physical = 4414 ; free virtual = 27537

Phase 3.4 Pipeline Register Optimization
Phase 3.4 Pipeline Register Optimization | Checksum: 2223fbdff

Time (s): cpu = 00:00:04 ; elapsed = 00:00:01 . Memory (MB): peak = 2969.906 ; gain = 0.000 ; free physical = 4414 ; free virtual = 27537

Phase 3.5 Small Shape Detail Placement
Phase 3.5 Small Shape Detail Placement | Checksum: 1d5afcf7c

Time (s): cpu = 00:00:04 ; elapsed = 00:00:01 . Memory (MB): peak = 2969.906 ; gain = 0.000 ; free physical = 4411 ; free virtual = 27537

Phase 3.6 Re-assign LUT pins
Phase 3.6 Re-assign LUT pins | Checksum: 16ae427d2

Time (s): cpu = 00:00:05 ; elapsed = 00:00:01 . Memory (MB): peak = 2969.906 ; gain = 0.000 ; free physical = 4411 ; free virtual = 27537

Phase 3.7 Pipeline Register Optimization
Phase 3.7 Pipeline Register Optimization | Checksum: 14bb9575e

Time (s): cpu = 00:00:05 ; elapsed = 00:00:01 . Memory (MB): peak = 2969.906 ; gain = 0.000 ; free physical = 4411 ; free virtual = 27537
Phase 3 Detail Placement | Checksum: 14bb9575e

Time (s): cpu = 00:00:05 ; elapsed = 00:00:01 . Memory (MB): peak = 2969.906 ; gain = 0.000 ; free physical = 4411 ; free virtual = 27537

Phase 4 Post Placement Optimization and Clean-Up

Phase 4.1 Post Commit Optimization
INFO: [Timing 38-35] Done setting XDC timing constraints.

Phase 4.1.1 Post Placement Optimization
Post Placement Optimization Initialization | Checksum: 1db074029

Phase 4.1.1.1 BUFG Insertion

Starting Physical Synthesis Task

Phase 1 Physical Synthesis Initialization
INFO: [Physopt 32-721] Multithreading enabled for phys_opt_design using a maximum of 8 CPUs
INFO: [Physopt 32-619] Estimated Timing Summary | WNS=1.761 | TNS=0.000 |
Phase 1 Physical Synthesis Initialization | Checksum: 26f3bf785

Time (s): cpu = 00:00:00.07 ; elapsed = 00:00:00.02 . Memory (MB): peak = 2969.906 ; gain = 0.000 ; free physical = 4411 ; free virtual = 27537
INFO: [Place 46-56] BUFG insertion identified 0 candidate nets. Inserted BUFG: 0, Replicated BUFG Driver: 0, Skipped due to Placement/Routing Conflicts: 0, Skipped due to Timing Degradation: 0, Skipped due to Illegal Netlist: 0.
Ending Physical Synthesis Task | Checksum: 1f156bcbf

Time (s): cpu = 00:00:00.07 ; elapsed = 00:00:00.02 . Memory (MB): peak = 2969.906 ; gain = 0.000 ; free physical = 4411 ; free virtual = 27537
Phase 4.1.1.1 BUFG Insertion | Checksum: 1db074029

Time (s): cpu = 00:00:05 ; elapsed = 00:00:01 . Memory (MB): peak = 2969.906 ; gain = 0.000 ; free physical = 4411 ; free virtual = 27537
INFO: [Place 30-746] Post Placement Timing Summary WNS=1.761. For the most accurate timing information please run report_timing.

Time (s): cpu = 00:00:05 ; elapsed = 00:00:01 . Memory (MB): peak = 2969.906 ; gain = 0.000 ; free physical = 4411 ; free virtual = 27537
Phase 4.1 Post Commit Optimization | Checksum: 20c8423f5

Time (s): cpu = 00:00:05 ; elapsed = 00:00:01 . Memory (MB): peak = 2969.906 ; gain = 0.000 ; free physical = 4411 ; free virtual = 27537

Phase 4.2 Post Placement Cleanup
Phase 4.2 Post Placement Cleanup | Checksum: 20c8423f5

Time (s): cpu = 00:00:05 ; elapsed = 00:00:01 . Memory (MB): peak = 2969.906 ; gain = 0.000 ; free physical = 4411 ; free virtual = 27537

Phase 4.3 Placer Reporting

Phase 4.3.1 Print Estimated Congestion
INFO: [Place 30-612] Post-Placement Estimated Congestion 
 ____________________________________________________
|           | Global Congestion | Short Congestion  |
| Direction | Region Size       | Region Size       |
|___________|___________________|___________________|
|      North|                1x1|                1x1|
|___________|___________________|___________________|
|      South|                1x1|                1x1|
|___________|___________________|___________________|
|       East|                1x1|                1x1|
|___________|___________________|___________________|
|       West|                1x1|                1x1|
|___________|___________________|___________________|

Phase 4.3.1 Print Estimated Congestion | Checksum: 20c8423f5

Time (s): cpu = 00:00:05 ; elapsed = 00:00:01 . Memory (MB): peak = 2969.906 ; gain = 0.000 ; free physical = 4411 ; free virtual = 27537
Phase 4.3 Placer Reporting | Checksum: 20c8423f5

Time (s): cpu = 00:00:05 ; elapsed = 00:00:01 . Memory (MB): peak = 2969.906 ; gain = 0.000 ; free physical = 4411 ; free virtual = 27537

Phase 4.4 Final Placement Cleanup
Netlist sorting complete. Time (s): cpu = 00:00:00 ; elapsed = 00:00:00 . Memory (MB): peak = 2969.906 ; gain = 0.000 ; free physical = 4411 ; free virtual = 27537

Time (s): cpu = 00:00:05 ; elapsed = 00:00:01 . Memory (MB): peak = 2969.906 ; gain = 0.000 ; free physical = 4411 ; free virtual = 27537
Phase 4 Post Placement Optimization and Clean-Up | Checksum: 1392eeca0

Time (s): cpu = 00:00:05 ; elapsed = 00:00:01 . Memory (MB): peak = 2969.906 ; gain = 0.000 ; free physical = 4411 ; free virtual = 27537
Ending Placer Task | Checksum: 4716ad27

Time (s): cpu = 00:00:05 ; elapsed = 00:00:01 . Memory (MB): peak = 2969.906 ; gain = 0.000 ; free physical = 4411 ; free virtual = 27537
INFO: [Common 17-83] Releasing license: Implementation
63 Infos, 0 Warnings, 0 Critical Warnings and 0 Errors encountered.
place_design completed successfully
INFO: [Timing 38-480] Writing timing data to binary archive.
Writing placer database...
Writing XDEF routing.
Writing XDEF routing logical nets.
Writing XDEF routing special nets.
Write XDEF Complete: Time (s): cpu = 00:00:00.13 ; elapsed = 00:00:00.03 . Memory (MB): peak = 2969.906 ; gain = 0.000 ; free physical = 4423 ; free virtual = 27551
INFO: [Common 17-1381] The checkpoint '/home/yi/Workspace/Vivado/Tetris/Tetris.runs/impl_1/tetris_placed.dcp' has been generated.
INFO: [runtcl-4] Executing : report_io -file tetris_io_placed.rpt
report_io: Time (s): cpu = 00:00:00.04 ; elapsed = 00:00:00.07 . Memory (MB): peak = 2969.906 ; gain = 0.000 ; free physical = 4419 ; free virtual = 27546
INFO: [runtcl-4] Executing : report_utilization -file tetris_utilization_placed.rpt -pb tetris_utilization_placed.pb
INFO: [runtcl-4] Executing : report_control_sets -verbose -file tetris_control_sets_placed.rpt
report_control_sets: Time (s): cpu = 00:00:00.01 ; elapsed = 00:00:00.04 . Memory (MB): peak = 2969.906 ; gain = 0.000 ; free physical = 4422 ; free virtual = 27549
Command: phys_opt_design
Attempting to get a license for feature 'Implementation' and/or device 'xc7a35t'
INFO: [Common 17-349] Got license for feature 'Implementation' and/or device 'xc7a35t'
INFO: [Vivado_Tcl 4-383] Design worst setup slack (WNS) is greater than or equal to 0.000 ns. Skipping all physical synthesis optimizations.
INFO: [Vivado_Tcl 4-232] No setup violation found. The netlist was not modified.
INFO: [Common 17-83] Releasing license: Implementation
72 Infos, 0 Warnings, 0 Critical Warnings and 0 Errors encountered.
phys_opt_design completed successfully
INFO: [Timing 38-480] Writing timing data to binary archive.
Writing placer database...
Writing XDEF routing.
Writing XDEF routing logical nets.
Writing XDEF routing special nets.
Write XDEF Complete: Time (s): cpu = 00:00:00.19 ; elapsed = 00:00:00.05 . Memory (MB): peak = 2969.906 ; gain = 0.000 ; free physical = 4394 ; free virtual = 27523
INFO: [Common 17-1381] The checkpoint '/home/yi/Workspace/Vivado/Tetris/Tetris.runs/impl_1/tetris_physopt.dcp' has been generated.
Command: route_design
Attempting to get a license for feature 'Implementation' and/or device 'xc7a35t'
INFO: [Common 17-349] Got license for feature 'Implementation' and/or device 'xc7a35t'
Running DRC as a precondition to command route_design
INFO: [DRC 23-27] Running DRC with 8 threads
INFO: [Vivado_Tcl 4-198] DRC finished with 0 Errors
INFO: [Vivado_Tcl 4-199] Please refer to the DRC report (report_drc) for more information.


Starting Routing Task
INFO: [Route 35-254] Multithreading enabled for route_design using a maximum of 8 CPUs
Checksum: PlaceDB: 42b620e7 ConstDB: 0 ShapeSum: 4608c40 RouteDB: 0

Phase 1 Build RT Design
Phase 1 Build RT Design | Checksum: a56249bc

Time (s): cpu = 00:00:07 ; elapsed = 00:00:06 . Memory (MB): peak = 2969.906 ; gain = 0.000 ; free physical = 4286 ; free virtual = 27410
Post Restoration Checksum: NetGraph: 1735f1e4 NumContArr: 8e2c57d8 Constraints: 0 Timing: 0

Phase 2 Router Initialization

Phase 2.1 Create Timer
Phase 2.1 Create Timer | Checksum: a56249bc

Time (s): cpu = 00:00:07 ; elapsed = 00:00:06 . Memory (MB): peak = 2969.906 ; gain = 0.000 ; free physical = 4293 ; free virtual = 27417

Phase 2.2 Fix Topology Constraints
Phase 2.2 Fix Topology Constraints | Checksum: a56249bc

Time (s): cpu = 00:00:07 ; elapsed = 00:00:06 . Memory (MB): peak = 2969.906 ; gain = 0.000 ; free physical = 4259 ; free virtual = 27384

Phase 2.3 Pre Route Cleanup
Phase 2.3 Pre Route Cleanup | Checksum: a56249bc

Time (s): cpu = 00:00:07 ; elapsed = 00:00:06 . Memory (MB): peak = 2969.906 ; gain = 0.000 ; free physical = 4259 ; free virtual = 27384
 Number of Nodes with overlaps = 0

Phase 2.4 Update Timing
Phase 2.4 Update Timing | Checksum: 11b2e4996

Time (s): cpu = 00:00:08 ; elapsed = 00:00:06 . Memory (MB): peak = 2969.906 ; gain = 0.000 ; free physical = 4244 ; free virtual = 27368
INFO: [Route 35-416] Intermediate Timing Summary | WNS=1.860  | TNS=0.000  | WHS=-0.118 | THS=-4.662 |

Phase 2 Router Initialization | Checksum: 8fb96320

Time (s): cpu = 00:00:08 ; elapsed = 00:00:06 . Memory (MB): peak = 2969.906 ; gain = 0.000 ; free physical = 4244 ; free virtual = 27368

Router Utilization Summary
  Global Vertical Routing Utilization    = 0.00478354 %
  Global Horizontal Routing Utilization  = 0.00208225 %
  Routable Net Status*
  *Does not include unroutable nets such as driverless and loadless.
  Run report_route_status for detailed report.
  Number of Failed Nets               = 894
    (Failed Nets is the sum of unrouted and partially routed nets)
  Number of Unrouted Nets             = 892
  Number of Partially Routed Nets     = 2
  Number of Node Overlaps             = 0


Phase 3 Initial Routing

Phase 3.1 Global Routing
Phase 3.1 Global Routing | Checksum: 8fb96320

Time (s): cpu = 00:00:08 ; elapsed = 00:00:06 . Memory (MB): peak = 2969.906 ; gain = 0.000 ; free physical = 4243 ; free virtual = 27368
Phase 3 Initial Routing | Checksum: 1baadbcad

Time (s): cpu = 00:00:08 ; elapsed = 00:00:06 . Memory (MB): peak = 2969.906 ; gain = 0.000 ; free physical = 4243 ; free virtual = 27368

Phase 4 Rip-up And Reroute

Phase 4.1 Global Iteration 0
 Number of Nodes with overlaps = 122
 Number of Nodes with overlaps = 18
 Number of Nodes with overlaps = 8
 Number of Nodes with overlaps = 5
 Number of Nodes with overlaps = 0
INFO: [Route 35-416] Intermediate Timing Summary | WNS=2.256  | TNS=0.000  | WHS=N/A    | THS=N/A    |

Phase 4.1 Global Iteration 0 | Checksum: 19db646a2

Time (s): cpu = 00:00:09 ; elapsed = 00:00:07 . Memory (MB): peak = 2969.906 ; gain = 0.000 ; free physical = 4243 ; free virtual = 27367
Phase 4 Rip-up And Reroute | Checksum: 19db646a2

Time (s): cpu = 00:00:09 ; elapsed = 00:00:07 . Memory (MB): peak = 2969.906 ; gain = 0.000 ; free physical = 4243 ; free virtual = 27367

Phase 5 Delay and Skew Optimization

Phase 5.1 Delay CleanUp

Phase 5.1.1 Update Timing
Phase 5.1.1 Update Timing | Checksum: 1012093d0

Time (s): cpu = 00:00:09 ; elapsed = 00:00:07 . Memory (MB): peak = 2969.906 ; gain = 0.000 ; free physical = 4243 ; free virtual = 27367
INFO: [Route 35-416] Intermediate Timing Summary | WNS=2.335  | TNS=0.000  | WHS=N/A    | THS=N/A    |

Phase 5.1 Delay CleanUp | Checksum: 1012093d0

Time (s): cpu = 00:00:09 ; elapsed = 00:00:07 . Memory (MB): peak = 2969.906 ; gain = 0.000 ; free physical = 4243 ; free virtual = 27367

Phase 5.2 Clock Skew Optimization
Phase 5.2 Clock Skew Optimization | Checksum: 1012093d0

Time (s): cpu = 00:00:09 ; elapsed = 00:00:07 . Memory (MB): peak = 2969.906 ; gain = 0.000 ; free physical = 4243 ; free virtual = 27367
Phase 5 Delay and Skew Optimization | Checksum: 1012093d0

Time (s): cpu = 00:00:09 ; elapsed = 00:00:07 . Memory (MB): peak = 2969.906 ; gain = 0.000 ; free physical = 4243 ; free virtual = 27367

Phase 6 Post Hold Fix

Phase 6.1 Hold Fix Iter

Phase 6.1.1 Update Timing
Phase 6.1.1 Update Timing | Checksum: d5342ad6

Time (s): cpu = 00:00:09 ; elapsed = 00:00:07 . Memory (MB): peak = 2969.906 ; gain = 0.000 ; free physical = 4243 ; free virtual = 27367
INFO: [Route 35-416] Intermediate Timing Summary | WNS=2.335  | TNS=0.000  | WHS=0.150  | THS=0.000  |

Phase 6.1 Hold Fix Iter | Checksum: 17737c8c8

Time (s): cpu = 00:00:09 ; elapsed = 00:00:07 . Memory (MB): peak = 2969.906 ; gain = 0.000 ; free physical = 4243 ; free virtual = 27367
Phase 6 Post Hold Fix | Checksum: 17737c8c8

Time (s): cpu = 00:00:09 ; elapsed = 00:00:07 . Memory (MB): peak = 2969.906 ; gain = 0.000 ; free physical = 4243 ; free virtual = 27367

Phase 7 Route finalize

Router Utilization Summary
  Global Vertical Routing Utilization    = 0.231842 %
  Global Horizontal Routing Utilization  = 0.243233 %
  Routable Net Status*
  *Does not include unroutable nets such as driverless and loadless.
  Run report_route_status for detailed report.
  Number of Failed Nets               = 0
    (Failed Nets is the sum of unrouted and partially routed nets)
  Number of Unrouted Nets             = 0
  Number of Partially Routed Nets     = 0
  Number of Node Overlaps             = 0

Phase 7 Route finalize | Checksum: 14122160e

Time (s): cpu = 00:00:09 ; elapsed = 00:00:07 . Memory (MB): peak = 2969.906 ; gain = 0.000 ; free physical = 4243 ; free virtual = 27367

Phase 8 Verifying routed nets

 Verification completed successfully
Phase 8 Verifying routed nets | Checksum: 14122160e

Time (s): cpu = 00:00:09 ; elapsed = 00:00:07 . Memory (MB): peak = 2969.906 ; gain = 0.000 ; free physical = 4243 ; free virtual = 27367

Phase 9 Depositing Routes
Phase 9 Depositing Routes | Checksum: 1a551d3a4

Time (s): cpu = 00:00:09 ; elapsed = 00:00:07 . Memory (MB): peak = 2974.602 ; gain = 4.695 ; free physical = 4243 ; free virtual = 27367

Phase 10 Post Router Timing
INFO: [Route 35-57] Estimated Timing Summary | WNS=2.335  | TNS=0.000  | WHS=0.150  | THS=0.000  |

INFO: [Route 35-327] The final timing numbers are based on the router estimated timing analysis. For a complete and accurate timing signoff, please run report_timing_summary.
Phase 10 Post Router Timing | Checksum: 1a551d3a4

Time (s): cpu = 00:00:09 ; elapsed = 00:00:07 . Memory (MB): peak = 2974.602 ; gain = 4.695 ; free physical = 4243 ; free virtual = 27367
INFO: [Route 35-16] Router Completed Successfully

Time (s): cpu = 00:00:09 ; elapsed = 00:00:07 . Memory (MB): peak = 2974.602 ; gain = 4.695 ; free physical = 4275 ; free virtual = 27399

Routing Is Done.
INFO: [Common 17-83] Releasing license: Implementation
87 Infos, 0 Warnings, 0 Critical Warnings and 0 Errors encountered.
route_design completed successfully
route_design: Time (s): cpu = 00:00:10 ; elapsed = 00:00:07 . Memory (MB): peak = 2974.602 ; gain = 4.695 ; free physical = 4275 ; free virtual = 27399
INFO: [Timing 38-480] Writing timing data to binary archive.
Writing placer database...
Writing XDEF routing.
Writing XDEF routing logical nets.
Writing XDEF routing special nets.
Write XDEF Complete: Time (s): cpu = 00:00:00.17 ; elapsed = 00:00:00.05 . Memory (MB): peak = 2974.602 ; gain = 0.000 ; free physical = 4271 ; free virtual = 27398
INFO: [Common 17-1381] The checkpoint '/home/yi/Workspace/Vivado/Tetris/Tetris.runs/impl_1/tetris_routed.dcp' has been generated.
INFO: [runtcl-4] Executing : report_drc -file tetris_drc_routed.rpt -pb tetris_drc_routed.pb -rpx tetris_drc_routed.rpx
Command: report_drc -file tetris_drc_routed.rpt -pb tetris_drc_routed.pb -rpx tetris_drc_routed.rpx
INFO: [IP_Flow 19-1839] IP Catalog is up to date.
INFO: [DRC 23-27] Running DRC with 8 threads
INFO: [Coretcl 2-168] The results of DRC are in file /home/yi/Workspace/Vivado/Tetris/Tetris.runs/impl_1/tetris_drc_routed.rpt.
report_drc completed successfully
INFO: [runtcl-4] Executing : report_methodology -file tetris_methodology_drc_routed.rpt -pb tetris_methodology_drc_routed.pb -rpx tetris_methodology_drc_routed.rpx
Command: report_methodology -file tetris_methodology_drc_routed.rpt -pb tetris_methodology_drc_routed.pb -rpx tetris_methodology_drc_routed.rpx
INFO: [Timing 38-35] Done setting XDC timing constraints.
INFO: [DRC 23-133] Running Methodology with 8 threads
INFO: [Coretcl 2-1520] The results of Report Methodology are in file /home/yi/Workspace/Vivado/Tetris/Tetris.runs/impl_1/tetris_methodology_drc_routed.rpt.
report_methodology completed successfully
INFO: [runtcl-4] Executing : report_power -file tetris_power_routed.rpt -pb tetris_power_summary_routed.pb -rpx tetris_power_routed.rpx
Command: report_power -file tetris_power_routed.rpt -pb tetris_power_summary_routed.pb -rpx tetris_power_routed.rpx
INFO: [Timing 38-35] Done setting XDC timing constraints.
Running Vector-less Activity Propagation...

Finished Running Vector-less Activity Propagation
99 Infos, 0 Warnings, 0 Critical Warnings and 0 Errors encountered.
report_power completed successfully
INFO: [runtcl-4] Executing : report_route_status -file tetris_route_status.rpt -pb tetris_route_status.pb
INFO: [runtcl-4] Executing : report_timing_summary -max_paths 10 -file tetris_timing_summary_routed.rpt -pb tetris_timing_summary_routed.pb -rpx tetris_timing_summary_routed.rpx -warn_on_violation 
INFO: [Timing 38-91] UpdateTimingParams: Speed grade: -1, Delay Type: min_max.
INFO: [Timing 38-191] Multithreading enabled for timing update using a maximum of 8 CPUs
INFO: [runtcl-4] Executing : report_incremental_reuse -file tetris_incremental_reuse_routed.rpt
INFO: [Vivado_Tcl 4-1062] Incremental flow is disabled. No incremental reuse Info to report.
INFO: [runtcl-4] Executing : report_clock_utilization -file tetris_clock_utilization_routed.rpt
INFO: [runtcl-4] Executing : report_bus_skew -warn_on_violation -file tetris_bus_skew_routed.rpt -pb tetris_bus_skew_routed.pb -rpx tetris_bus_skew_routed.rpx
INFO: [Timing 38-91] UpdateTimingParams: Speed grade: -1, Delay Type: min_max.
INFO: [Timing 38-191] Multithreading enabled for timing update using a maximum of 8 CPUs
Command: write_bitstream -force tetris.bit
Attempting to get a license for feature 'Implementation' and/or device 'xc7a35t'
INFO: [Common 17-349] Got license for feature 'Implementation' and/or device 'xc7a35t'
Running DRC as a precondition to command write_bitstream
INFO: [IP_Flow 19-1839] IP Catalog is up to date.
INFO: [DRC 23-27] Running DRC with 8 threads
INFO: [Vivado 12-3199] DRC finished with 0 Errors
INFO: [Vivado 12-3200] Please refer to the DRC report (report_drc) for more information.
INFO: [Designutils 20-2272] Running write_bitstream with 8 threads.
Loading data files...
Loading site data...
Loading route data...
Processing options...
Creating bitmap...
Creating bitstream...
Bitstream compression saved 14235104 bits.
Writing bitstream ./tetris.bit...
INFO: [Vivado 12-1842] Bitgen Completed Successfully.
INFO: [Project 1-120] WebTalk data collection is mandatory when using a WebPACK part without a full Vivado license. To see the specific WebTalk data collected for your design, open the usage_statistics_webtalk.html or usage_statistics_webtalk.xml file in the implementation directory.
INFO: [Common 17-186] '/home/yi/Workspace/Vivado/Tetris/Tetris.runs/impl_1/usage_statistics_webtalk.xml' has been successfully sent to Xilinx on Sat Jan 15 13:20:38 2022. For additional details about this file, please refer to the WebTalk help file at /opt/Xilinx/Vivado/2020.2/doc/webtalk_introduction.html.
INFO: [Common 17-83] Releasing license: Implementation
13 Infos, 0 Warnings, 0 Critical Warnings and 0 Errors encountered.
write_bitstream completed successfully
write_bitstream: Time (s): cpu = 00:00:07 ; elapsed = 00:00:18 . Memory (MB): peak = 3295.137 ; gain = 196.102 ; free physical = 4225 ; free virtual = 27369
INFO: [Common 17-206] Exiting Vivado at Sat Jan 15 13:20:38 2022...
