Copyright 1986-2020 Xilinx, Inc. All Rights Reserved.
------------------------------------------------------------------------------------
| Tool Version : Vivado v.2020.2 (lin64) Build 3064766 Wed Nov 18 09:12:47 MST 2020
| Date         : Tue Jan  4 02:00:25 2022
| Host         : YNB running 64-bit Arch Linux
| Command      : report_control_sets -verbose -file Lab9_control_sets_placed.rpt
| Design       : Lab9
| Device       : xc7a35t
------------------------------------------------------------------------------------

Control Set Information

Table of Contents
-----------------
1. Summary
2. Histogram
3. Flip-Flop Distribution
4. Detailed Control Set Information

1. Summary
----------

+----------------------------------------------------------+-------+
|                          Status                          | Count |
+----------------------------------------------------------+-------+
| Total control sets                                       |    12 |
|    Minimum number of control sets                        |    12 |
|    Addition due to synthesis replication                 |     0 |
|    Addition due to physical synthesis replication        |     0 |
| Unused register locations in slices containing registers |    65 |
+----------------------------------------------------------+-------+
* Control sets can be merged at opt_design using control_set_merge or merge_equivalent_drivers
** Run report_qor_suggestions for automated merging and remapping suggestions


2. Histogram
------------

+--------------------+-------+
|       Fanout       | Count |
+--------------------+-------+
| Total control sets |    12 |
| >= 0 to < 4        |     6 |
| >= 4 to < 6        |     3 |
| >= 6 to < 8        |     1 |
| >= 8 to < 10       |     0 |
| >= 10 to < 12      |     0 |
| >= 12 to < 14      |     0 |
| >= 14 to < 16      |     0 |
| >= 16              |     2 |
+--------------------+-------+
* Control sets can be remapped at either synth_design or opt_design


3. Flip-Flop Distribution
-------------------------

+--------------+-----------------------+------------------------+-----------------+--------------+
| Clock Enable | Synchronous Set/Reset | Asynchronous Set/Reset | Total Registers | Total Slices |
+--------------+-----------------------+------------------------+-----------------+--------------+
| No           | No                    | No                     |              10 |            3 |
| No           | No                    | Yes                    |              60 |           18 |
| No           | Yes                   | No                     |               1 |            1 |
| Yes          | No                    | No                     |               2 |            2 |
| Yes          | No                    | Yes                    |               2 |            2 |
| Yes          | Yes                   | No                     |              28 |           12 |
+--------------+-----------------------+------------------------+-----------------+--------------+


4. Detailed Control Set Information
-----------------------------------

+----------------+------------------------+-----------------------+------------------+----------------+--------------+
|  Clock Signal  |      Enable Signal     |    Set/Reset Signal   | Slice Load Count | Bel Load Count | Bels / Slice |
+----------------+------------------------+-----------------------+------------------+----------------+--------------+
|  clk_IBUF_BUFG | B/u1/trig0             | rst_IBUF              |                1 |              1 |         1.00 |
|  clk_IBUF_BUFG | B/clk1/cnt[5]_i_2_n_0  |                       |                1 |              1 |         1.00 |
|  clk_IBUF_BUFG | clk1/cnt[5]_i_2__0_n_0 |                       |                1 |              1 |         1.00 |
|  clk1/CLK      | C/last_turn[1]_i_1_n_0 | rst_IBUF              |                1 |              1 |         1.00 |
|  B/clk1/CLK    |                        | rst_IBUF              |                1 |              1 |         1.00 |
|  clk1/CLK      |                        | rst_IBUF              |                1 |              3 |         3.00 |
|  clk_IBUF_BUFG | B/clk1/cnt[5]_i_2_n_0  | B/clk1/cnt[5]_i_1_n_0 |                1 |              4 |         4.00 |
|  clk_IBUF_BUFG | clk1/cnt[5]_i_2__0_n_0 | clk1/cnt[5]_i_1_n_0   |                1 |              4 |         4.00 |
|  B/clk1/CLK    |                        |                       |                1 |              4 |         4.00 |
|  clk_IBUF_BUFG |                        |                       |                2 |              6 |         3.00 |
|  B/clk1/CLK    | B/u2/u2/               | rst_IBUF              |               10 |             20 |         2.00 |
|  clk_IBUF_BUFG |                        | rst_IBUF              |               17 |             57 |         3.35 |
+----------------+------------------------+-----------------------+------------------+----------------+--------------+


