
*** Running vivado
    with args -log lab0.vds -m64 -product Vivado -mode batch -messageDb vivado.pb -notrace -source lab0.tcl


****** Vivado v2020.2 (64-bit)
  **** SW Build 3064766 on Wed Nov 18 09:12:47 MST 2020
  **** IP Build 3064653 on Wed Nov 18 14:17:31 MST 2020
    ** Copyright 1986-2020 Xilinx, Inc. All Rights Reserved.

source lab0.tcl -notrace
Command: synth_design -top lab0 -part xc7a35tcpg236-1
Starting synth_design
Attempting to get a license for feature 'Synthesis' and/or device 'xc7a35t'
INFO: [Common 17-349] Got license for feature 'Synthesis' and/or device 'xc7a35t'
INFO: [Device 21-403] Loading part xc7a35tcpg236-1
INFO: [Synth 8-7079] Multithreading enabled for synth_design using a maximum of 4 processes.
INFO: [Synth 8-7078] Launching helper process for spawning children vivado processes
INFO: [Synth 8-7075] Helper process launched with PID 427175
---------------------------------------------------------------------------------
Starting RTL Elaboration : Time (s): cpu = 00:00:03 ; elapsed = 00:00:04 . Memory (MB): peak = 2321.020 ; gain = 0.000 ; free physical = 5750 ; free virtual = 32681
---------------------------------------------------------------------------------
INFO: [Synth 8-6157] synthesizing module 'lab0' [/home/yi/Workspace/Vivado/lab0/lab0.srcs/sources_1/imports/tutorial/lab0.v:23]
INFO: [Synth 8-6157] synthesizing module 'fist_check' [/home/yi/Workspace/Vivado/lab0/lab0.srcs/sources_1/imports/tutorial/fist_check.v:23]
INFO: [Synth 8-6155] done synthesizing module 'fist_check' (1#1) [/home/yi/Workspace/Vivado/lab0/lab0.srcs/sources_1/imports/tutorial/fist_check.v:23]
INFO: [Synth 8-6157] synthesizing module 'slow_fist' [/home/yi/Workspace/Vivado/lab0/lab0.srcs/sources_1/imports/tutorial/slow_fist.v:23]
	Parameter no_fist bound to: 3'b000 
INFO: [Synth 8-6155] done synthesizing module 'slow_fist' (2#1) [/home/yi/Workspace/Vivado/lab0/lab0.srcs/sources_1/imports/tutorial/slow_fist.v:23]
INFO: [Synth 8-6157] synthesizing module 'judge' [/home/yi/Workspace/Vivado/lab0/lab0.srcs/sources_1/imports/tutorial/judge.v:23]
	Parameter scissors bound to: 3'b001 
	Parameter rock bound to: 3'b010 
	Parameter paper bound to: 3'b100 
INFO: [Synth 8-6155] done synthesizing module 'judge' (3#1) [/home/yi/Workspace/Vivado/lab0/lab0.srcs/sources_1/imports/tutorial/judge.v:23]
INFO: [Synth 8-6155] done synthesizing module 'lab0' (4#1) [/home/yi/Workspace/Vivado/lab0/lab0.srcs/sources_1/imports/tutorial/lab0.v:23]
---------------------------------------------------------------------------------
Finished RTL Elaboration : Time (s): cpu = 00:00:04 ; elapsed = 00:00:05 . Memory (MB): peak = 2321.020 ; gain = 0.000 ; free physical = 5652 ; free virtual = 32587
---------------------------------------------------------------------------------
---------------------------------------------------------------------------------
Start Handling Custom Attributes
---------------------------------------------------------------------------------
---------------------------------------------------------------------------------
Finished Handling Custom Attributes : Time (s): cpu = 00:00:04 ; elapsed = 00:00:05 . Memory (MB): peak = 2321.020 ; gain = 0.000 ; free physical = 6357 ; free virtual = 33293
---------------------------------------------------------------------------------
---------------------------------------------------------------------------------
Finished RTL Optimization Phase 1 : Time (s): cpu = 00:00:04 ; elapsed = 00:00:05 . Memory (MB): peak = 2321.020 ; gain = 0.000 ; free physical = 6357 ; free virtual = 33293
---------------------------------------------------------------------------------
Netlist sorting complete. Time (s): cpu = 00:00:00 ; elapsed = 00:00:00 . Memory (MB): peak = 2321.020 ; gain = 0.000 ; free physical = 6353 ; free virtual = 33289
INFO: [Project 1-570] Preparing netlist for logic optimization

Processing XDC Constraints
Initializing timing engine
Parsing XDC File [/home/yi/Workspace/Vivado/lab0/lab0.srcs/constrs_1/imports/tutorial/game_constraints.xdc]
Finished Parsing XDC File [/home/yi/Workspace/Vivado/lab0/lab0.srcs/constrs_1/imports/tutorial/game_constraints.xdc]
INFO: [Project 1-236] Implementation specific constraints were found while reading constraint file [/home/yi/Workspace/Vivado/lab0/lab0.srcs/constrs_1/imports/tutorial/game_constraints.xdc]. These constraints will be ignored for synthesis but will be used in implementation. Impacted constraints are listed in the file [.Xil/lab0_propImpl.xdc].
Resolution: To avoid this warning, move constraints listed in [.Xil/lab0_propImpl.xdc] to another XDC file and exclude this new file from synthesis with the used_in_synthesis property (File Properties dialog in GUI) and re-run elaboration/synthesis.
Completed Processing XDC Constraints

Netlist sorting complete. Time (s): cpu = 00:00:00 ; elapsed = 00:00:00 . Memory (MB): peak = 2384.902 ; gain = 0.000 ; free physical = 6271 ; free virtual = 33253
INFO: [Project 1-111] Unisim Transformation Summary:
No Unisim elements were transformed.

Constraint Validation Runtime : Time (s): cpu = 00:00:00 ; elapsed = 00:00:00 . Memory (MB): peak = 2384.902 ; gain = 0.000 ; free physical = 6271 ; free virtual = 33253
---------------------------------------------------------------------------------
Finished Constraint Validation : Time (s): cpu = 00:00:09 ; elapsed = 00:00:10 . Memory (MB): peak = 2384.902 ; gain = 63.883 ; free physical = 6252 ; free virtual = 33268
---------------------------------------------------------------------------------
---------------------------------------------------------------------------------
Start Loading Part and Timing Information
---------------------------------------------------------------------------------
Loading part: xc7a35tcpg236-1
---------------------------------------------------------------------------------
Finished Loading Part and Timing Information : Time (s): cpu = 00:00:09 ; elapsed = 00:00:10 . Memory (MB): peak = 2384.902 ; gain = 63.883 ; free physical = 6252 ; free virtual = 33269
---------------------------------------------------------------------------------
---------------------------------------------------------------------------------
Start Applying 'set_property' XDC Constraints
---------------------------------------------------------------------------------
---------------------------------------------------------------------------------
Finished applying 'set_property' XDC Constraints : Time (s): cpu = 00:00:09 ; elapsed = 00:00:10 . Memory (MB): peak = 2384.902 ; gain = 63.883 ; free physical = 6238 ; free virtual = 33269
---------------------------------------------------------------------------------
---------------------------------------------------------------------------------
Finished RTL Optimization Phase 2 : Time (s): cpu = 00:00:09 ; elapsed = 00:00:10 . Memory (MB): peak = 2384.902 ; gain = 63.883 ; free physical = 6197 ; free virtual = 33272
---------------------------------------------------------------------------------
---------------------------------------------------------------------------------
Start RTL Component Statistics 
---------------------------------------------------------------------------------
Detailed RTL Component Info : 
+---Muxes : 
	   2 Input    6 Bit        Muxes := 6     
	   2 Input    3 Bit        Muxes := 4     
	   2 Input    2 Bit        Muxes := 3     
---------------------------------------------------------------------------------
Finished RTL Component Statistics 
---------------------------------------------------------------------------------
---------------------------------------------------------------------------------
Start Part Resource Summary
---------------------------------------------------------------------------------
Part Resources:
DSPs: 90 (col length:60)
BRAMs: 100 (col length: RAMB18 60 RAMB36 30)
---------------------------------------------------------------------------------
Finished Part Resource Summary
---------------------------------------------------------------------------------
---------------------------------------------------------------------------------
Start Cross Boundary and Area Optimization
---------------------------------------------------------------------------------
---------------------------------------------------------------------------------
Finished Cross Boundary and Area Optimization : Time (s): cpu = 00:00:10 ; elapsed = 00:00:11 . Memory (MB): peak = 2384.902 ; gain = 63.883 ; free physical = 6188 ; free virtual = 33234
---------------------------------------------------------------------------------
---------------------------------------------------------------------------------
Start Applying XDC Timing Constraints
---------------------------------------------------------------------------------
---------------------------------------------------------------------------------
Finished Applying XDC Timing Constraints : Time (s): cpu = 00:00:14 ; elapsed = 00:00:16 . Memory (MB): peak = 2384.902 ; gain = 63.883 ; free physical = 6114 ; free virtual = 33126
---------------------------------------------------------------------------------
---------------------------------------------------------------------------------
Start Timing Optimization
---------------------------------------------------------------------------------
---------------------------------------------------------------------------------
Finished Timing Optimization : Time (s): cpu = 00:00:14 ; elapsed = 00:00:16 . Memory (MB): peak = 2384.902 ; gain = 63.883 ; free physical = 6114 ; free virtual = 33126
---------------------------------------------------------------------------------
---------------------------------------------------------------------------------
Start Technology Mapping
---------------------------------------------------------------------------------
---------------------------------------------------------------------------------
Finished Technology Mapping : Time (s): cpu = 00:00:14 ; elapsed = 00:00:16 . Memory (MB): peak = 2384.902 ; gain = 63.883 ; free physical = 6100 ; free virtual = 33113
---------------------------------------------------------------------------------
---------------------------------------------------------------------------------
Start IO Insertion
---------------------------------------------------------------------------------
---------------------------------------------------------------------------------
Start Flattening Before IO Insertion
---------------------------------------------------------------------------------
---------------------------------------------------------------------------------
Finished Flattening Before IO Insertion
---------------------------------------------------------------------------------
---------------------------------------------------------------------------------
Start Final Netlist Cleanup
---------------------------------------------------------------------------------
---------------------------------------------------------------------------------
Finished Final Netlist Cleanup
---------------------------------------------------------------------------------
---------------------------------------------------------------------------------
Finished IO Insertion : Time (s): cpu = 00:00:17 ; elapsed = 00:00:18 . Memory (MB): peak = 2384.902 ; gain = 63.883 ; free physical = 6112 ; free virtual = 33084
---------------------------------------------------------------------------------
---------------------------------------------------------------------------------
Start Renaming Generated Instances
---------------------------------------------------------------------------------
---------------------------------------------------------------------------------
Finished Renaming Generated Instances : Time (s): cpu = 00:00:17 ; elapsed = 00:00:18 . Memory (MB): peak = 2384.902 ; gain = 63.883 ; free physical = 6112 ; free virtual = 33084
---------------------------------------------------------------------------------
---------------------------------------------------------------------------------
Start Rebuilding User Hierarchy
---------------------------------------------------------------------------------
---------------------------------------------------------------------------------
Finished Rebuilding User Hierarchy : Time (s): cpu = 00:00:17 ; elapsed = 00:00:18 . Memory (MB): peak = 2384.902 ; gain = 63.883 ; free physical = 6112 ; free virtual = 33084
---------------------------------------------------------------------------------
---------------------------------------------------------------------------------
Start Renaming Generated Ports
---------------------------------------------------------------------------------
---------------------------------------------------------------------------------
Finished Renaming Generated Ports : Time (s): cpu = 00:00:17 ; elapsed = 00:00:18 . Memory (MB): peak = 2384.902 ; gain = 63.883 ; free physical = 6112 ; free virtual = 33084
---------------------------------------------------------------------------------
---------------------------------------------------------------------------------
Start Handling Custom Attributes
---------------------------------------------------------------------------------
---------------------------------------------------------------------------------
Finished Handling Custom Attributes : Time (s): cpu = 00:00:17 ; elapsed = 00:00:18 . Memory (MB): peak = 2384.902 ; gain = 63.883 ; free physical = 6112 ; free virtual = 33084
---------------------------------------------------------------------------------
---------------------------------------------------------------------------------
Start Renaming Generated Nets
---------------------------------------------------------------------------------
---------------------------------------------------------------------------------
Finished Renaming Generated Nets : Time (s): cpu = 00:00:17 ; elapsed = 00:00:18 . Memory (MB): peak = 2384.902 ; gain = 63.883 ; free physical = 6112 ; free virtual = 33084
---------------------------------------------------------------------------------
---------------------------------------------------------------------------------
Start Writing Synthesis Report
---------------------------------------------------------------------------------

Report BlackBoxes: 
+-+--------------+----------+
| |BlackBox name |Instances |
+-+--------------+----------+
+-+--------------+----------+

Report Cell Usage: 
+------+------+------+
|      |Cell  |Count |
+------+------+------+
|1     |LUT3  |     1|
|2     |LUT6  |     9|
|3     |MUXF7 |     5|
|4     |IBUF  |     7|
|5     |OBUF  |    16|
+------+------+------+
---------------------------------------------------------------------------------
Finished Writing Synthesis Report : Time (s): cpu = 00:00:17 ; elapsed = 00:00:18 . Memory (MB): peak = 2384.902 ; gain = 63.883 ; free physical = 6112 ; free virtual = 33084
---------------------------------------------------------------------------------
Synthesis finished with 0 errors, 0 critical warnings and 0 warnings.
Synthesis Optimization Runtime : Time (s): cpu = 00:00:16 ; elapsed = 00:00:17 . Memory (MB): peak = 2384.902 ; gain = 0.000 ; free physical = 6167 ; free virtual = 33139
Synthesis Optimization Complete : Time (s): cpu = 00:00:17 ; elapsed = 00:00:18 . Memory (MB): peak = 2384.902 ; gain = 63.883 ; free physical = 6167 ; free virtual = 33140
INFO: [Project 1-571] Translating synthesized netlist
Netlist sorting complete. Time (s): cpu = 00:00:00 ; elapsed = 00:00:00 . Memory (MB): peak = 2384.902 ; gain = 0.000 ; free physical = 6255 ; free virtual = 33230
INFO: [Netlist 29-17] Analyzing 5 Unisim elements for replacement
INFO: [Netlist 29-28] Unisim Transformation completed in 0 CPU seconds
INFO: [Project 1-570] Preparing netlist for logic optimization
INFO: [Opt 31-138] Pushed 0 inverter(s) to 0 load pin(s).
Netlist sorting complete. Time (s): cpu = 00:00:00 ; elapsed = 00:00:00 . Memory (MB): peak = 2384.902 ; gain = 0.000 ; free physical = 6220 ; free virtual = 33195
INFO: [Project 1-111] Unisim Transformation Summary:
No Unisim elements were transformed.

INFO: [Common 17-83] Releasing license: Synthesis
23 Infos, 0 Warnings, 0 Critical Warnings and 0 Errors encountered.
synth_design completed successfully
synth_design: Time (s): cpu = 00:00:26 ; elapsed = 00:00:22 . Memory (MB): peak = 2384.902 ; gain = 64.031 ; free physical = 6347 ; free virtual = 33322
INFO: [Common 17-1381] The checkpoint '/home/yi/Workspace/Vivado/lab0/lab0.runs/synth_1/lab0.dcp' has been generated.
INFO: [runtcl-4] Executing : report_utilization -file lab0_utilization_synth.rpt -pb lab0_utilization_synth.pb
INFO: [Common 17-206] Exiting Vivado at Tue Oct  5 21:00:26 2021...
