
*** Running vivado
    with args -log lab7_1.vds -m64 -product Vivado -mode batch -messageDb vivado.pb -notrace -source lab7_1.tcl


****** Vivado v2020.2 (64-bit)
  **** SW Build 3064766 on Wed Nov 18 09:12:47 MST 2020
  **** IP Build 3064653 on Wed Nov 18 14:17:31 MST 2020
    ** Copyright 1986-2020 Xilinx, Inc. All Rights Reserved.

source lab7_1.tcl -notrace
Command: synth_design -top lab7_1 -part xc7a35tcpg236-1
Starting synth_design
Attempting to get a license for feature 'Synthesis' and/or device 'xc7a35t'
INFO: [Common 17-349] Got license for feature 'Synthesis' and/or device 'xc7a35t'
INFO: [Device 21-403] Loading part xc7a35tcpg236-1
INFO: [Synth 8-7079] Multithreading enabled for synth_design using a maximum of 4 processes.
INFO: [Synth 8-7078] Launching helper process for spawning children vivado processes
INFO: [Synth 8-7075] Helper process launched with PID 36050
---------------------------------------------------------------------------------
Starting RTL Elaboration : Time (s): cpu = 00:00:02 ; elapsed = 00:00:02 . Memory (MB): peak = 2318.008 ; gain = 0.000 ; free physical = 1186 ; free virtual = 33766
---------------------------------------------------------------------------------
INFO: [Synth 8-6157] synthesizing module 'lab7_1' [/home/yi/Workspace/Vivado/lab7/lab7_1/lab7_1.srcs/sources_1/new/lab7_1.v:51]
INFO: [Synth 8-6157] synthesizing module 'clock_divider' [/home/yi/Workspace/Vivado/lab7/lab7_1/lab7_1.srcs/sources_1/new/lab7_1.v:2]
INFO: [Synth 8-6155] done synthesizing module 'clock_divider' (1#1) [/home/yi/Workspace/Vivado/lab7/lab7_1/lab7_1.srcs/sources_1/new/lab7_1.v:2]
INFO: [Synth 8-6157] synthesizing module 'mem_addr_gen' [/home/yi/Workspace/Vivado/lab7/lab7_1/lab7_1.srcs/sources_1/new/lab7_1.v:18]
INFO: [Synth 8-6155] done synthesizing module 'mem_addr_gen' (2#1) [/home/yi/Workspace/Vivado/lab7/lab7_1/lab7_1.srcs/sources_1/new/lab7_1.v:18]
INFO: [Synth 8-6157] synthesizing module 'blk_mem_gen_0' [/home/yi/Workspace/Vivado/lab7/lab7_1/lab7_1.runs/synth_1/.Xil/Vivado-36033-YNB/realtime/blk_mem_gen_0_stub.v:6]
INFO: [Synth 8-6155] done synthesizing module 'blk_mem_gen_0' (3#1) [/home/yi/Workspace/Vivado/lab7/lab7_1/lab7_1.runs/synth_1/.Xil/Vivado-36033-YNB/realtime/blk_mem_gen_0_stub.v:6]
INFO: [Synth 8-6157] synthesizing module 'vga_controller' [/home/yi/Workspace/Vivado/lab7/lab7_1/lab7_1.srcs/sources_1/imports/demo2/vga.v:6]
	Parameter HD bound to: 640 - type: integer 
	Parameter HF bound to: 16 - type: integer 
	Parameter HS bound to: 96 - type: integer 
	Parameter HB bound to: 48 - type: integer 
	Parameter HT bound to: 800 - type: integer 
	Parameter VD bound to: 480 - type: integer 
	Parameter VF bound to: 10 - type: integer 
	Parameter VS bound to: 2 - type: integer 
	Parameter VB bound to: 33 - type: integer 
	Parameter VT bound to: 525 - type: integer 
	Parameter hsync_default bound to: 1'b1 
	Parameter vsync_default bound to: 1'b1 
INFO: [Synth 8-6155] done synthesizing module 'vga_controller' (4#1) [/home/yi/Workspace/Vivado/lab7/lab7_1/lab7_1.srcs/sources_1/imports/demo2/vga.v:6]
INFO: [Synth 8-6155] done synthesizing module 'lab7_1' (5#1) [/home/yi/Workspace/Vivado/lab7/lab7_1/lab7_1.srcs/sources_1/new/lab7_1.v:51]
---------------------------------------------------------------------------------
Finished RTL Elaboration : Time (s): cpu = 00:00:03 ; elapsed = 00:00:03 . Memory (MB): peak = 2318.008 ; gain = 0.000 ; free physical = 893 ; free virtual = 33474
---------------------------------------------------------------------------------
---------------------------------------------------------------------------------
Start Handling Custom Attributes
---------------------------------------------------------------------------------
---------------------------------------------------------------------------------
Finished Handling Custom Attributes : Time (s): cpu = 00:00:03 ; elapsed = 00:00:03 . Memory (MB): peak = 2318.008 ; gain = 0.000 ; free physical = 891 ; free virtual = 33472
---------------------------------------------------------------------------------
---------------------------------------------------------------------------------
Finished RTL Optimization Phase 1 : Time (s): cpu = 00:00:03 ; elapsed = 00:00:03 . Memory (MB): peak = 2318.008 ; gain = 0.000 ; free physical = 891 ; free virtual = 33472
---------------------------------------------------------------------------------
Netlist sorting complete. Time (s): cpu = 00:00:00.01 ; elapsed = 00:00:00 . Memory (MB): peak = 2318.008 ; gain = 0.000 ; free physical = 887 ; free virtual = 33467
INFO: [Project 1-570] Preparing netlist for logic optimization

Processing XDC Constraints
Initializing timing engine
Parsing XDC File [/home/yi/Workspace/Vivado/lab7/lab7_1/lab7_1.gen/sources_1/ip/blk_mem_gen_0/blk_mem_gen_0/blk_mem_gen_0_in_context.xdc] for cell 'blk_mem_gen_0_inst'
Finished Parsing XDC File [/home/yi/Workspace/Vivado/lab7/lab7_1/lab7_1.gen/sources_1/ip/blk_mem_gen_0/blk_mem_gen_0/blk_mem_gen_0_in_context.xdc] for cell 'blk_mem_gen_0_inst'
Parsing XDC File [/home/yi/Workspace/Vivado/lab7/lab7_1/lab7_1.srcs/constrs_1/new/lab7_1.xdc]
Finished Parsing XDC File [/home/yi/Workspace/Vivado/lab7/lab7_1/lab7_1.srcs/constrs_1/new/lab7_1.xdc]
INFO: [Project 1-236] Implementation specific constraints were found while reading constraint file [/home/yi/Workspace/Vivado/lab7/lab7_1/lab7_1.srcs/constrs_1/new/lab7_1.xdc]. These constraints will be ignored for synthesis but will be used in implementation. Impacted constraints are listed in the file [.Xil/lab7_1_propImpl.xdc].
Resolution: To avoid this warning, move constraints listed in [.Xil/lab7_1_propImpl.xdc] to another XDC file and exclude this new file from synthesis with the used_in_synthesis property (File Properties dialog in GUI) and re-run elaboration/synthesis.
Completed Processing XDC Constraints

Netlist sorting complete. Time (s): cpu = 00:00:00 ; elapsed = 00:00:00 . Memory (MB): peak = 2381.871 ; gain = 0.000 ; free physical = 1484 ; free virtual = 34065
INFO: [Project 1-111] Unisim Transformation Summary:
No Unisim elements were transformed.

Constraint Validation Runtime : Time (s): cpu = 00:00:00 ; elapsed = 00:00:00 . Memory (MB): peak = 2381.871 ; gain = 0.000 ; free physical = 1484 ; free virtual = 34065
---------------------------------------------------------------------------------
Finished Constraint Validation : Time (s): cpu = 00:00:06 ; elapsed = 00:00:07 . Memory (MB): peak = 2381.871 ; gain = 63.863 ; free physical = 1618 ; free virtual = 34200
---------------------------------------------------------------------------------
---------------------------------------------------------------------------------
Start Loading Part and Timing Information
---------------------------------------------------------------------------------
Loading part: xc7a35tcpg236-1
---------------------------------------------------------------------------------
Finished Loading Part and Timing Information : Time (s): cpu = 00:00:06 ; elapsed = 00:00:07 . Memory (MB): peak = 2381.871 ; gain = 63.863 ; free physical = 1618 ; free virtual = 34200
---------------------------------------------------------------------------------
---------------------------------------------------------------------------------
Start Applying 'set_property' XDC Constraints
---------------------------------------------------------------------------------
Applied set_property KEEP_HIERARCHY = SOFT for blk_mem_gen_0_inst. (constraint file  auto generated constraint).
---------------------------------------------------------------------------------
Finished applying 'set_property' XDC Constraints : Time (s): cpu = 00:00:06 ; elapsed = 00:00:07 . Memory (MB): peak = 2381.871 ; gain = 63.863 ; free physical = 1620 ; free virtual = 34202
---------------------------------------------------------------------------------
---------------------------------------------------------------------------------
Finished RTL Optimization Phase 2 : Time (s): cpu = 00:00:06 ; elapsed = 00:00:07 . Memory (MB): peak = 2381.871 ; gain = 63.863 ; free physical = 1611 ; free virtual = 34194
---------------------------------------------------------------------------------
---------------------------------------------------------------------------------
Start RTL Component Statistics 
---------------------------------------------------------------------------------
Detailed RTL Component Info : 
+---Adders : 
	   2 Input   10 Bit       Adders := 2     
	   2 Input    8 Bit       Adders := 1     
+---Registers : 
	               10 Bit    Registers := 2     
	                8 Bit    Registers := 1     
	                1 Bit    Registers := 2     
+---Muxes : 
	   2 Input   12 Bit        Muxes := 1     
	   2 Input   10 Bit        Muxes := 2     
	   2 Input    8 Bit        Muxes := 2     
	   2 Input    1 Bit        Muxes := 2     
---------------------------------------------------------------------------------
Finished RTL Component Statistics 
---------------------------------------------------------------------------------
---------------------------------------------------------------------------------
Start Part Resource Summary
---------------------------------------------------------------------------------
Part Resources:
DSPs: 90 (col length:60)
BRAMs: 100 (col length: RAMB18 60 RAMB36 30)
---------------------------------------------------------------------------------
Finished Part Resource Summary
---------------------------------------------------------------------------------
---------------------------------------------------------------------------------
Start Cross Boundary and Area Optimization
---------------------------------------------------------------------------------
---------------------------------------------------------------------------------
Finished Cross Boundary and Area Optimization : Time (s): cpu = 00:00:07 ; elapsed = 00:00:08 . Memory (MB): peak = 2381.871 ; gain = 63.863 ; free physical = 1603 ; free virtual = 34188
---------------------------------------------------------------------------------
---------------------------------------------------------------------------------
Start Applying XDC Timing Constraints
---------------------------------------------------------------------------------
---------------------------------------------------------------------------------
Finished Applying XDC Timing Constraints : Time (s): cpu = 00:00:10 ; elapsed = 00:00:11 . Memory (MB): peak = 2381.871 ; gain = 63.863 ; free physical = 1482 ; free virtual = 34070
---------------------------------------------------------------------------------
---------------------------------------------------------------------------------
Start Timing Optimization
---------------------------------------------------------------------------------
---------------------------------------------------------------------------------
Finished Timing Optimization : Time (s): cpu = 00:00:10 ; elapsed = 00:00:11 . Memory (MB): peak = 2381.871 ; gain = 63.863 ; free physical = 1471 ; free virtual = 34059
---------------------------------------------------------------------------------
---------------------------------------------------------------------------------
Start Technology Mapping
---------------------------------------------------------------------------------
---------------------------------------------------------------------------------
Finished Technology Mapping : Time (s): cpu = 00:00:10 ; elapsed = 00:00:11 . Memory (MB): peak = 2381.871 ; gain = 63.863 ; free physical = 1471 ; free virtual = 34059
---------------------------------------------------------------------------------
---------------------------------------------------------------------------------
Start IO Insertion
---------------------------------------------------------------------------------
---------------------------------------------------------------------------------
Start Flattening Before IO Insertion
---------------------------------------------------------------------------------
---------------------------------------------------------------------------------
Finished Flattening Before IO Insertion
---------------------------------------------------------------------------------
---------------------------------------------------------------------------------
Start Final Netlist Cleanup
---------------------------------------------------------------------------------
---------------------------------------------------------------------------------
Finished Final Netlist Cleanup
---------------------------------------------------------------------------------
CRITICAL WARNING: [Synth 8-4442] BlackBox module blk_mem_gen_0_inst has unconnected pin dina[11]
CRITICAL WARNING: [Synth 8-4442] BlackBox module blk_mem_gen_0_inst has unconnected pin dina[10]
CRITICAL WARNING: [Synth 8-4442] BlackBox module blk_mem_gen_0_inst has unconnected pin dina[9]
CRITICAL WARNING: [Synth 8-4442] BlackBox module blk_mem_gen_0_inst has unconnected pin dina[8]
CRITICAL WARNING: [Synth 8-4442] BlackBox module blk_mem_gen_0_inst has unconnected pin dina[7]
CRITICAL WARNING: [Synth 8-4442] BlackBox module blk_mem_gen_0_inst has unconnected pin dina[6]
CRITICAL WARNING: [Synth 8-4442] BlackBox module blk_mem_gen_0_inst has unconnected pin dina[5]
CRITICAL WARNING: [Synth 8-4442] BlackBox module blk_mem_gen_0_inst has unconnected pin dina[4]
CRITICAL WARNING: [Synth 8-4442] BlackBox module blk_mem_gen_0_inst has unconnected pin dina[3]
CRITICAL WARNING: [Synth 8-4442] BlackBox module blk_mem_gen_0_inst has unconnected pin dina[2]
CRITICAL WARNING: [Synth 8-4442] BlackBox module blk_mem_gen_0_inst has unconnected pin dina[1]
CRITICAL WARNING: [Synth 8-4442] BlackBox module blk_mem_gen_0_inst has unconnected pin dina[0]
---------------------------------------------------------------------------------
Finished IO Insertion : Time (s): cpu = 00:00:12 ; elapsed = 00:00:13 . Memory (MB): peak = 2381.871 ; gain = 63.863 ; free physical = 1467 ; free virtual = 34055
---------------------------------------------------------------------------------
---------------------------------------------------------------------------------
Start Renaming Generated Instances
---------------------------------------------------------------------------------
---------------------------------------------------------------------------------
Finished Renaming Generated Instances : Time (s): cpu = 00:00:12 ; elapsed = 00:00:13 . Memory (MB): peak = 2381.871 ; gain = 63.863 ; free physical = 1467 ; free virtual = 34055
---------------------------------------------------------------------------------
---------------------------------------------------------------------------------
Start Rebuilding User Hierarchy
---------------------------------------------------------------------------------
---------------------------------------------------------------------------------
Finished Rebuilding User Hierarchy : Time (s): cpu = 00:00:12 ; elapsed = 00:00:13 . Memory (MB): peak = 2381.871 ; gain = 63.863 ; free physical = 1467 ; free virtual = 34055
---------------------------------------------------------------------------------
---------------------------------------------------------------------------------
Start Renaming Generated Ports
---------------------------------------------------------------------------------
---------------------------------------------------------------------------------
Finished Renaming Generated Ports : Time (s): cpu = 00:00:12 ; elapsed = 00:00:13 . Memory (MB): peak = 2381.871 ; gain = 63.863 ; free physical = 1467 ; free virtual = 34055
---------------------------------------------------------------------------------
---------------------------------------------------------------------------------
Start Handling Custom Attributes
---------------------------------------------------------------------------------
---------------------------------------------------------------------------------
Finished Handling Custom Attributes : Time (s): cpu = 00:00:12 ; elapsed = 00:00:13 . Memory (MB): peak = 2381.871 ; gain = 63.863 ; free physical = 1467 ; free virtual = 34055
---------------------------------------------------------------------------------
---------------------------------------------------------------------------------
Start Renaming Generated Nets
---------------------------------------------------------------------------------
---------------------------------------------------------------------------------
Finished Renaming Generated Nets : Time (s): cpu = 00:00:12 ; elapsed = 00:00:13 . Memory (MB): peak = 2381.871 ; gain = 63.863 ; free physical = 1467 ; free virtual = 34055
---------------------------------------------------------------------------------
---------------------------------------------------------------------------------
Start Writing Synthesis Report
---------------------------------------------------------------------------------

Report BlackBoxes: 
+------+--------------+----------+
|      |BlackBox name |Instances |
+------+--------------+----------+
|1     |blk_mem_gen_0 |         1|
+------+--------------+----------+

Report Cell Usage: 
+------+------------+------+
|      |Cell        |Count |
+------+------------+------+
|1     |blk_mem_gen |     1|
|2     |BUFG        |     1|
|3     |CARRY4      |    37|
|4     |LUT1        |    17|
|5     |LUT2        |    40|
|6     |LUT3        |    29|
|7     |LUT4        |    38|
|8     |LUT5        |    25|
|9     |LUT6        |    40|
|10    |FDCE        |     8|
|11    |FDRE        |    42|
|12    |FDSE        |     2|
|13    |IBUF        |     5|
|14    |OBUF        |    14|
+------+------------+------+
---------------------------------------------------------------------------------
Finished Writing Synthesis Report : Time (s): cpu = 00:00:12 ; elapsed = 00:00:13 . Memory (MB): peak = 2381.871 ; gain = 63.863 ; free physical = 1467 ; free virtual = 34055
---------------------------------------------------------------------------------
Synthesis finished with 0 errors, 12 critical warnings and 0 warnings.
Synthesis Optimization Runtime : Time (s): cpu = 00:00:11 ; elapsed = 00:00:12 . Memory (MB): peak = 2381.871 ; gain = 0.000 ; free physical = 1519 ; free virtual = 34106
Synthesis Optimization Complete : Time (s): cpu = 00:00:12 ; elapsed = 00:00:13 . Memory (MB): peak = 2381.871 ; gain = 63.863 ; free physical = 1519 ; free virtual = 34106
INFO: [Project 1-571] Translating synthesized netlist
Netlist sorting complete. Time (s): cpu = 00:00:00.01 ; elapsed = 00:00:00 . Memory (MB): peak = 2381.871 ; gain = 0.000 ; free physical = 1606 ; free virtual = 34194
INFO: [Netlist 29-17] Analyzing 37 Unisim elements for replacement
INFO: [Netlist 29-28] Unisim Transformation completed in 0 CPU seconds
INFO: [Project 1-570] Preparing netlist for logic optimization
INFO: [Opt 31-138] Pushed 0 inverter(s) to 0 load pin(s).
Netlist sorting complete. Time (s): cpu = 00:00:00 ; elapsed = 00:00:00 . Memory (MB): peak = 2381.871 ; gain = 0.000 ; free physical = 1554 ; free virtual = 34141
INFO: [Project 1-111] Unisim Transformation Summary:
No Unisim elements were transformed.

INFO: [Common 17-83] Releasing license: Synthesis
25 Infos, 0 Warnings, 12 Critical Warnings and 0 Errors encountered.
synth_design completed successfully
synth_design: Time (s): cpu = 00:00:18 ; elapsed = 00:00:16 . Memory (MB): peak = 2381.871 ; gain = 64.031 ; free physical = 1612 ; free virtual = 34199
INFO: [runtcl-6] Synthesis results are not added to the cache due to CRITICAL_WARNING
INFO: [Common 17-1381] The checkpoint '/home/yi/Workspace/Vivado/lab7/lab7_1/lab7_1.runs/synth_1/lab7_1.dcp' has been generated.
INFO: [runtcl-4] Executing : report_utilization -file lab7_1_utilization_synth.rpt -pb lab7_1_utilization_synth.pb
INFO: [Common 17-206] Exiting Vivado at Thu Dec  2 00:18:01 2021...
